2025-04-18 11:30:37.2482 | INFO | Microsoft.Hosting.Lifetime | Now listening on: https://localhost:7256  | url: 
2025-04-18 11:30:37.2482 | INFO | Microsoft.Hosting.Lifetime | Now listening on: http://localhost:5031  | url: 
2025-04-18 11:30:37.4104 | INFO | Microsoft.Hosting.Lifetime | Application started. Press Ctrl+C to shut down.  | url: 
2025-04-18 11:30:37.4104 | INFO | Microsoft.Hosting.Lifetime | Hosting environment: Development  | url: 
2025-04-18 11:30:37.4104 | INFO | Microsoft.Hosting.Lifetime | Content root path: C:\Users\elizz\OneDrive\Pulpit\CarRental\CarRental\CarRental  | url: 
2025-04-18 11:33:28.8635 | INFO | Microsoft.Hosting.Lifetime | Now listening on: https://localhost:7256  | url: 
2025-04-18 11:33:29.0886 | INFO | Microsoft.Hosting.Lifetime | Now listening on: http://localhost:5031  | url: 
2025-04-18 11:33:30.9192 | INFO | Microsoft.Hosting.Lifetime | Application started. Press Ctrl+C to shut down.  | url: 
2025-04-18 11:33:31.3937 | INFO | Microsoft.Hosting.Lifetime | Hosting environment: Development  | url: 
2025-04-18 11:33:31.4765 | INFO | Microsoft.Hosting.Lifetime | Content root path: C:\Users\elizz\OneDrive\Pulpit\CarRental\CarRental\CarRental  | url: 
2025-04-18 11:34:22.2699 | DEBUG | CarRental.Authentication.BasicAuthenticationHandler | AuthenticationScheme: BasicAuthentication was not authenticated.  | url: https://localhost/users/authenticate
2025-04-18 11:34:25.6364 | ERROR | Microsoft.AspNetCore.Diagnostics.DeveloperExceptionPageMiddleware | An unhandled exception has occurred while executing the request. System.Exception: Invalid username or password
   at CarRental.ApplicationServices.API.Handlers.AuthenticateUserHandler.Handle(AuthenticateUserRequest request, CancellationToken cancellationToken) in C:\Users\elizz\OneDrive\Pulpit\CarRental\CarRental\CarRental.ApplicationServices\API\Handlers\AuthenticateUserHandler.cs:line 32
   at MediatR.Pipeline.RequestExceptionProcessorBehavior`2.Handle(TRequest request, RequestHandlerDelegate`1 next, CancellationToken cancellationToken)
   at MediatR.Pipeline.RequestExceptionProcessorBehavior`2.Handle(TRequest request, RequestHandlerDelegate`1 next, CancellationToken cancellationToken)
   at MediatR.Pipeline.RequestExceptionActionProcessorBehavior`2.Handle(TRequest request, RequestHandlerDelegate`1 next, CancellationToken cancellationToken)
   at MediatR.Pipeline.RequestExceptionActionProcessorBehavior`2.Handle(TRequest request, RequestHandlerDelegate`1 next, CancellationToken cancellationToken)
   at MediatR.Pipeline.RequestPostProcessorBehavior`2.Handle(TRequest request, RequestHandlerDelegate`1 next, CancellationToken cancellationToken)
   at MediatR.Pipeline.RequestPreProcessorBehavior`2.Handle(TRequest request, RequestHandlerDelegate`1 next, CancellationToken cancellationToken)
   at CarRental.Controllers.ApiControllerBase.HandleRequest[TRequest,TResponse](TRequest request) in C:\Users\elizz\OneDrive\Pulpit\CarRental\CarRental\CarRental\Controllers\ApiControllerBase.cs:line 33
   at Microsoft.AspNetCore.Mvc.Infrastructure.ActionMethodExecutor.TaskOfIActionResultExecutor.Execute(ActionContext actionContext, IActionResultTypeMapper mapper, ObjectMethodExecutor executor, Object controller, Object[] arguments)
   at Microsoft.AspNetCore.Mvc.Infrastructure.ControllerActionInvoker.<InvokeActionMethodAsync>g__Logged|12_1(ControllerActionInvoker invoker)
   at Microsoft.AspNetCore.Mvc.Infrastructure.ControllerActionInvoker.<InvokeNextActionFilterAsync>g__Awaited|10_0(ControllerActionInvoker invoker, Task lastTask, State next, Scope scope, Object state, Boolean isCompleted)
   at Microsoft.AspNetCore.Mvc.Infrastructure.ControllerActionInvoker.Rethrow(ActionExecutedContextSealed context)
   at Microsoft.AspNetCore.Mvc.Infrastructure.ControllerActionInvoker.Next(State& next, Scope& scope, Object& state, Boolean& isCompleted)
   at Microsoft.AspNetCore.Mvc.Infrastructure.ControllerActionInvoker.<InvokeInnerFilterAsync>g__Awaited|13_0(ControllerActionInvoker invoker, Task lastTask, State next, Scope scope, Object state, Boolean isCompleted)
   at Microsoft.AspNetCore.Mvc.Infrastructure.ResourceInvoker.<InvokeFilterPipelineAsync>g__Awaited|20_0(ResourceInvoker invoker, Task lastTask, State next, Scope scope, Object state, Boolean isCompleted)
   at Microsoft.AspNetCore.Mvc.Infrastructure.ResourceInvoker.<InvokeAsync>g__Logged|17_1(ResourceInvoker invoker)
   at Microsoft.AspNetCore.Mvc.Infrastructure.ResourceInvoker.<InvokeAsync>g__Logged|17_1(ResourceInvoker invoker)
   at Microsoft.AspNetCore.Routing.EndpointMiddleware.<Invoke>g__AwaitRequestTask|7_0(Endpoint endpoint, Task requestTask, ILogger logger)
   at Microsoft.AspNetCore.Authorization.AuthorizationMiddleware.Invoke(HttpContext context)
   at Microsoft.AspNetCore.Authentication.AuthenticationMiddleware.Invoke(HttpContext context)
   at Swashbuckle.AspNetCore.SwaggerUI.SwaggerUIMiddleware.Invoke(HttpContext httpContext)
   at Swashbuckle.AspNetCore.Swagger.SwaggerMiddleware.Invoke(HttpContext httpContext, ISwaggerProvider swaggerProvider)
   at Microsoft.AspNetCore.Diagnostics.DeveloperExceptionPageMiddlewareImpl.Invoke(HttpContext context) | url: https://localhost/users/authenticate
2025-04-18 11:34:42.3187 | DEBUG | CarRental.Authentication.BasicAuthenticationHandler | AuthenticationScheme: BasicAuthentication was not authenticated.  | url: https://localhost/users/authenticate
2025-04-18 11:34:46.5047 | DEBUG | CarRental.Authentication.BasicAuthenticationHandler | AuthenticationScheme: BasicAuthentication was successfully authenticated.  | url: https://localhost/users
2025-04-18 11:35:09.4470 | DEBUG | CarRental.Authentication.BasicAuthenticationHandler | AuthenticationScheme: BasicAuthentication was not authenticated.  | url: https://localhost/users/authenticate
2025-04-18 11:35:12.3450 | DEBUG | CarRental.Authentication.BasicAuthenticationHandler | AuthenticationScheme: BasicAuthentication was successfully authenticated.  | url: https://localhost/cars
2025-04-18 11:35:12.3450 | INFO | CarRental.Controllers.CarsController | We are in Cars  | url: https://localhost/cars
2025-04-18 11:35:21.9887 | DEBUG | CarRental.Authentication.BasicAuthenticationHandler | AuthenticationScheme: BasicAuthentication was successfully authenticated.  | url: https://localhost/cars
2025-04-18 11:35:21.9887 | INFO | CarRental.Controllers.CarsController | We are in Cars  | url: https://localhost/cars
2025-04-18 11:35:27.2223 | DEBUG | CarRental.Authentication.BasicAuthenticationHandler | AuthenticationScheme: BasicAuthentication was successfully authenticated.  | url: https://localhost/cars/3002
2025-04-18 11:35:27.2223 | INFO | CarRental.Controllers.CarsController | We are in Cars  | url: https://localhost/cars/3002
2025-04-18 11:35:32.7486 | DEBUG | CarRental.Authentication.BasicAuthenticationHandler | AuthenticationScheme: BasicAuthentication was successfully authenticated.  | url: https://localhost/cars/3002
2025-04-18 11:35:32.7486 | INFO | CarRental.Controllers.CarsController | We are in Cars  | url: https://localhost/cars/3002
2025-04-18 11:35:37.6228 | DEBUG | CarRental.Authentication.BasicAuthenticationHandler | AuthenticationScheme: BasicAuthentication was successfully authenticated.  | url: https://localhost/cars/3002
2025-04-18 11:35:37.6228 | INFO | CarRental.Controllers.CarsController | We are in Cars  | url: https://localhost/cars/3002
2025-04-18 11:35:47.6839 | DEBUG | CarRental.Authentication.BasicAuthenticationHandler | AuthenticationScheme: BasicAuthentication was successfully authenticated.  | url: https://localhost/cars/2
2025-04-18 11:35:47.6839 | INFO | CarRental.Controllers.CarsController | We are in Cars  | url: https://localhost/cars/2
2025-04-18 11:35:47.7334 | ERROR | Microsoft.EntityFrameworkCore.Update | An exception occurred in the database while saving changes for context type 'CarRental.DataAccess.CarRentalStorageContext'.
Microsoft.EntityFrameworkCore.DbUpdateException: An error occurred while saving the entity changes. See the inner exception for details.
 ---> Microsoft.Data.SqlClient.SqlException (0x80131904): The DELETE statement conflicted with the REFERENCE constraint "FK_RentalsData_Cars_CarId". The conflict occurred in database "CarRentalStorage", table "dbo.RentalsData", column 'CarId'.
   at Microsoft.Data.SqlClient.SqlConnection.OnError(SqlException exception, Boolean breakConnection, Action`1 wrapCloseInAction)
   at Microsoft.Data.SqlClient.SqlInternalConnection.OnError(SqlException exception, Boolean breakConnection, Action`1 wrapCloseInAction)
   at Microsoft.Data.SqlClient.TdsParser.ThrowExceptionAndWarning(TdsParserStateObject stateObj, Boolean callerHasConnectionLock, Boolean asyncClose)
   at Microsoft.Data.SqlClient.TdsParser.TryRun(RunBehavior runBehavior, SqlCommand cmdHandler, SqlDataReader dataStream, BulkCopySimpleResultSet bulkCopyHandler, TdsParserStateObject stateObj, Boolean& dataReady)
   at Microsoft.Data.SqlClient.SqlDataReader.TryHasMoreRows(Boolean& moreRows)
   at Microsoft.Data.SqlClient.SqlDataReader.TryReadInternal(Boolean setTimeout, Boolean& more)
   at Microsoft.Data.SqlClient.SqlDataReader.ReadAsyncExecute(Task task, Object state)
   at Microsoft.Data.SqlClient.SqlDataReader.InvokeAsyncCall[T](SqlDataReaderBaseAsyncCallContext`1 context)
--- End of stack trace from previous location ---
   at Microsoft.EntityFrameworkCore.Update.AffectedCountModificationCommandBatch.ConsumeResultSetWithRowsAffectedOnlyAsync(Int32 commandIndex, RelationalDataReader reader, CancellationToken cancellationToken)
   at Microsoft.EntityFrameworkCore.Update.AffectedCountModificationCommandBatch.ConsumeAsync(RelationalDataReader reader, CancellationToken cancellationToken)
ClientConnectionId:13d94e35-fad3-490f-b44e-09ed99804839
Error Number:547,State:0,Class:16
   --- End of inner exception stack trace ---
   at Microsoft.EntityFrameworkCore.Update.AffectedCountModificationCommandBatch.ConsumeAsync(RelationalDataReader reader, CancellationToken cancellationToken)
   at Microsoft.EntityFrameworkCore.Update.ReaderModificationCommandBatch.ExecuteAsync(IRelationalConnection connection, CancellationToken cancellationToken)
   at Microsoft.EntityFrameworkCore.Update.ReaderModificationCommandBatch.ExecuteAsync(IRelationalConnection connection, CancellationToken cancellationToken)
   at Microsoft.EntityFrameworkCore.SqlServer.Update.Internal.SqlServerModificationCommandBatch.ExecuteAsync(IRelationalConnection connection, CancellationToken cancellationToken)
   at Microsoft.EntityFrameworkCore.Update.Internal.BatchExecutor.ExecuteAsync(IEnumerable`1 commandBatches, IRelationalConnection connection, CancellationToken cancellationToken)
   at Microsoft.EntityFrameworkCore.Update.Internal.BatchExecutor.ExecuteAsync(IEnumerable`1 commandBatches, IRelationalConnection connection, CancellationToken cancellationToken)
   at Microsoft.EntityFrameworkCore.Update.Internal.BatchExecutor.ExecuteAsync(IEnumerable`1 commandBatches, IRelationalConnection connection, CancellationToken cancellationToken)
   at Microsoft.EntityFrameworkCore.Storage.RelationalDatabase.SaveChangesAsync(IList`1 entries, CancellationToken cancellationToken)
   at Microsoft.EntityFrameworkCore.ChangeTracking.Internal.StateManager.SaveChangesAsync(IList`1 entriesToSave, CancellationToken cancellationToken)
   at Microsoft.EntityFrameworkCore.ChangeTracking.Internal.StateManager.SaveChangesAsync(StateManager stateManager, Boolean acceptAllChangesOnSuccess, CancellationToken cancellationToken)
   at Microsoft.EntityFrameworkCore.SqlServer.Storage.Internal.SqlServerExecutionStrategy.ExecuteAsync[TState,TResult](TState state, Func`4 operation, Func`4 verifySucceeded, CancellationToken cancellationToken)
   at Microsoft.EntityFrameworkCore.DbContext.SaveChangesAsync(Boolean acceptAllChangesOnSuccess, CancellationToken cancellationToken) Microsoft.EntityFrameworkCore.DbUpdateException: An error occurred while saving the entity changes. See the inner exception for details.
 ---> Microsoft.Data.SqlClient.SqlException (0x80131904): The DELETE statement conflicted with the REFERENCE constraint "FK_RentalsData_Cars_CarId". The conflict occurred in database "CarRentalStorage", table "dbo.RentalsData", column 'CarId'.
   at Microsoft.Data.SqlClient.SqlConnection.OnError(SqlException exception, Boolean breakConnection, Action`1 wrapCloseInAction)
   at Microsoft.Data.SqlClient.SqlInternalConnection.OnError(SqlException exception, Boolean breakConnection, Action`1 wrapCloseInAction)
   at Microsoft.Data.SqlClient.TdsParser.ThrowExceptionAndWarning(TdsParserStateObject stateObj, Boolean callerHasConnectionLock, Boolean asyncClose)
   at Microsoft.Data.SqlClient.TdsParser.TryRun(RunBehavior runBehavior, SqlCommand cmdHandler, SqlDataReader dataStream, BulkCopySimpleResultSet bulkCopyHandler, TdsParserStateObject stateObj, Boolean& dataReady)
   at Microsoft.Data.SqlClient.SqlDataReader.TryHasMoreRows(Boolean& moreRows)
   at Microsoft.Data.SqlClient.SqlDataReader.TryReadInternal(Boolean setTimeout, Boolean& more)
   at Microsoft.Data.SqlClient.SqlDataReader.ReadAsyncExecute(Task task, Object state)
   at Microsoft.Data.SqlClient.SqlDataReader.InvokeAsyncCall[T](SqlDataReaderBaseAsyncCallContext`1 context)
--- End of stack trace from previous location ---
   at Microsoft.EntityFrameworkCore.Update.AffectedCountModificationCommandBatch.ConsumeResultSetWithRowsAffectedOnlyAsync(Int32 commandIndex, RelationalDataReader reader, CancellationToken cancellationToken)
   at Microsoft.EntityFrameworkCore.Update.AffectedCountModificationCommandBatch.ConsumeAsync(RelationalDataReader reader, CancellationToken cancellationToken)
ClientConnectionId:13d94e35-fad3-490f-b44e-09ed99804839
Error Number:547,State:0,Class:16
   --- End of inner exception stack trace ---
   at Microsoft.EntityFrameworkCore.Update.AffectedCountModificationCommandBatch.ConsumeAsync(RelationalDataReader reader, CancellationToken cancellationToken)
   at Microsoft.EntityFrameworkCore.Update.ReaderModificationCommandBatch.ExecuteAsync(IRelationalConnection connection, CancellationToken cancellationToken)
   at Microsoft.EntityFrameworkCore.Update.ReaderModificationCommandBatch.ExecuteAsync(IRelationalConnection connection, CancellationToken cancellationToken)
   at Microsoft.EntityFrameworkCore.SqlServer.Update.Internal.SqlServerModificationCommandBatch.ExecuteAsync(IRelationalConnection connection, CancellationToken cancellationToken)
   at Microsoft.EntityFrameworkCore.Update.Internal.BatchExecutor.ExecuteAsync(IEnumerable`1 commandBatches, IRelationalConnection connection, CancellationToken cancellationToken)
   at Microsoft.EntityFrameworkCore.Update.Internal.BatchExecutor.ExecuteAsync(IEnumerable`1 commandBatches, IRelationalConnection connection, CancellationToken cancellationToken)
   at Microsoft.EntityFrameworkCore.Update.Internal.BatchExecutor.ExecuteAsync(IEnumerable`1 commandBatches, IRelationalConnection connection, CancellationToken cancellationToken)
   at Microsoft.EntityFrameworkCore.Storage.RelationalDatabase.SaveChangesAsync(IList`1 entries, CancellationToken cancellationToken)
   at Microsoft.EntityFrameworkCore.ChangeTracking.Internal.StateManager.SaveChangesAsync(IList`1 entriesToSave, CancellationToken cancellationToken)
   at Microsoft.EntityFrameworkCore.ChangeTracking.Internal.StateManager.SaveChangesAsync(StateManager stateManager, Boolean acceptAllChangesOnSuccess, CancellationToken cancellationToken)
   at Microsoft.EntityFrameworkCore.SqlServer.Storage.Internal.SqlServerExecutionStrategy.ExecuteAsync[TState,TResult](TState state, Func`4 operation, Func`4 verifySucceeded, CancellationToken cancellationToken)
   at Microsoft.EntityFrameworkCore.DbContext.SaveChangesAsync(Boolean acceptAllChangesOnSuccess, CancellationToken cancellationToken) | url: https://localhost/cars/2
2025-04-18 11:35:47.9553 | ERROR | Microsoft.AspNetCore.Diagnostics.DeveloperExceptionPageMiddleware | An unhandled exception has occurred while executing the request. Microsoft.EntityFrameworkCore.DbUpdateException: An error occurred while saving the entity changes. See the inner exception for details.
 ---> Microsoft.Data.SqlClient.SqlException (0x80131904): The DELETE statement conflicted with the REFERENCE constraint "FK_RentalsData_Cars_CarId". The conflict occurred in database "CarRentalStorage", table "dbo.RentalsData", column 'CarId'.
   at Microsoft.Data.SqlClient.SqlConnection.OnError(SqlException exception, Boolean breakConnection, Action`1 wrapCloseInAction)
   at Microsoft.Data.SqlClient.SqlInternalConnection.OnError(SqlException exception, Boolean breakConnection, Action`1 wrapCloseInAction)
   at Microsoft.Data.SqlClient.TdsParser.ThrowExceptionAndWarning(TdsParserStateObject stateObj, Boolean callerHasConnectionLock, Boolean asyncClose)
   at Microsoft.Data.SqlClient.TdsParser.TryRun(RunBehavior runBehavior, SqlCommand cmdHandler, SqlDataReader dataStream, BulkCopySimpleResultSet bulkCopyHandler, TdsParserStateObject stateObj, Boolean& dataReady)
   at Microsoft.Data.SqlClient.SqlDataReader.TryHasMoreRows(Boolean& moreRows)
   at Microsoft.Data.SqlClient.SqlDataReader.TryReadInternal(Boolean setTimeout, Boolean& more)
   at Microsoft.Data.SqlClient.SqlDataReader.ReadAsyncExecute(Task task, Object state)
   at Microsoft.Data.SqlClient.SqlDataReader.InvokeAsyncCall[T](SqlDataReaderBaseAsyncCallContext`1 context)
--- End of stack trace from previous location ---
   at Microsoft.EntityFrameworkCore.Update.AffectedCountModificationCommandBatch.ConsumeResultSetWithRowsAffectedOnlyAsync(Int32 commandIndex, RelationalDataReader reader, CancellationToken cancellationToken)
   at Microsoft.EntityFrameworkCore.Update.AffectedCountModificationCommandBatch.ConsumeAsync(RelationalDataReader reader, CancellationToken cancellationToken)
ClientConnectionId:13d94e35-fad3-490f-b44e-09ed99804839
Error Number:547,State:0,Class:16
   --- End of inner exception stack trace ---
   at Microsoft.EntityFrameworkCore.Update.AffectedCountModificationCommandBatch.ConsumeAsync(RelationalDataReader reader, CancellationToken cancellationToken)
   at Microsoft.EntityFrameworkCore.Update.ReaderModificationCommandBatch.ExecuteAsync(IRelationalConnection connection, CancellationToken cancellationToken)
   at Microsoft.EntityFrameworkCore.Update.ReaderModificationCommandBatch.ExecuteAsync(IRelationalConnection connection, CancellationToken cancellationToken)
   at Microsoft.EntityFrameworkCore.SqlServer.Update.Internal.SqlServerModificationCommandBatch.ExecuteAsync(IRelationalConnection connection, CancellationToken cancellationToken)
   at Microsoft.EntityFrameworkCore.Update.Internal.BatchExecutor.ExecuteAsync(IEnumerable`1 commandBatches, IRelationalConnection connection, CancellationToken cancellationToken)
   at Microsoft.EntityFrameworkCore.Update.Internal.BatchExecutor.ExecuteAsync(IEnumerable`1 commandBatches, IRelationalConnection connection, CancellationToken cancellationToken)
   at Microsoft.EntityFrameworkCore.Update.Internal.BatchExecutor.ExecuteAsync(IEnumerable`1 commandBatches, IRelationalConnection connection, CancellationToken cancellationToken)
   at Microsoft.EntityFrameworkCore.Storage.RelationalDatabase.SaveChangesAsync(IList`1 entries, CancellationToken cancellationToken)
   at Microsoft.EntityFrameworkCore.ChangeTracking.Internal.StateManager.SaveChangesAsync(IList`1 entriesToSave, CancellationToken cancellationToken)
   at Microsoft.EntityFrameworkCore.ChangeTracking.Internal.StateManager.SaveChangesAsync(StateManager stateManager, Boolean acceptAllChangesOnSuccess, CancellationToken cancellationToken)
   at Microsoft.EntityFrameworkCore.SqlServer.Storage.Internal.SqlServerExecutionStrategy.ExecuteAsync[TState,TResult](TState state, Func`4 operation, Func`4 verifySucceeded, CancellationToken cancellationToken)
   at Microsoft.EntityFrameworkCore.DbContext.SaveChangesAsync(Boolean acceptAllChangesOnSuccess, CancellationToken cancellationToken)
   at Microsoft.EntityFrameworkCore.DbContext.SaveChangesAsync(Boolean acceptAllChangesOnSuccess, CancellationToken cancellationToken)
   at CarRental.DataAccess.CQRS.Commands.DeleteCarCommand.Execute(CarRentalStorageContext context) in C:\Users\elizz\OneDrive\Pulpit\CarRental\CarRental\CarRental.DataAccess\CQRS\Commands\DeleteCarCommand.cs:line 19
   at CarRental.ApplicationServices.API.Handlers.DeleteCarHandler.Handle(DeleteCarRequest request, CancellationToken cancellationToken) in C:\Users\elizz\OneDrive\Pulpit\CarRental\CarRental\CarRental.ApplicationServices\API\Handlers\DeleteCarHandler.cs:line 25
   at MediatR.Pipeline.RequestExceptionProcessorBehavior`2.Handle(TRequest request, RequestHandlerDelegate`1 next, CancellationToken cancellationToken)
   at MediatR.Pipeline.RequestExceptionProcessorBehavior`2.Handle(TRequest request, RequestHandlerDelegate`1 next, CancellationToken cancellationToken)
   at MediatR.Pipeline.RequestExceptionActionProcessorBehavior`2.Handle(TRequest request, RequestHandlerDelegate`1 next, CancellationToken cancellationToken)
   at MediatR.Pipeline.RequestExceptionActionProcessorBehavior`2.Handle(TRequest request, RequestHandlerDelegate`1 next, CancellationToken cancellationToken)
   at MediatR.Pipeline.RequestPostProcessorBehavior`2.Handle(TRequest request, RequestHandlerDelegate`1 next, CancellationToken cancellationToken)
   at MediatR.Pipeline.RequestPreProcessorBehavior`2.Handle(TRequest request, RequestHandlerDelegate`1 next, CancellationToken cancellationToken)
   at CarRental.Controllers.ApiControllerBase.HandleRequest[TRequest,TResponse](TRequest request) in C:\Users\elizz\OneDrive\Pulpit\CarRental\CarRental\CarRental\Controllers\ApiControllerBase.cs:line 33
   at Microsoft.AspNetCore.Mvc.Infrastructure.ActionMethodExecutor.TaskOfIActionResultExecutor.Execute(ActionContext actionContext, IActionResultTypeMapper mapper, ObjectMethodExecutor executor, Object controller, Object[] arguments)
   at Microsoft.AspNetCore.Mvc.Infrastructure.ControllerActionInvoker.<InvokeActionMethodAsync>g__Logged|12_1(ControllerActionInvoker invoker)
   at Microsoft.AspNetCore.Mvc.Infrastructure.ControllerActionInvoker.<InvokeNextActionFilterAsync>g__Awaited|10_0(ControllerActionInvoker invoker, Task lastTask, State next, Scope scope, Object state, Boolean isCompleted)
   at Microsoft.AspNetCore.Mvc.Infrastructure.ControllerActionInvoker.Rethrow(ActionExecutedContextSealed context)
   at Microsoft.AspNetCore.Mvc.Infrastructure.ControllerActionInvoker.Next(State& next, Scope& scope, Object& state, Boolean& isCompleted)
   at Microsoft.AspNetCore.Mvc.Infrastructure.ControllerActionInvoker.<InvokeInnerFilterAsync>g__Awaited|13_0(ControllerActionInvoker invoker, Task lastTask, State next, Scope scope, Object state, Boolean isCompleted)
   at Microsoft.AspNetCore.Mvc.Infrastructure.ResourceInvoker.<InvokeFilterPipelineAsync>g__Awaited|20_0(ResourceInvoker invoker, Task lastTask, State next, Scope scope, Object state, Boolean isCompleted)
   at Microsoft.AspNetCore.Mvc.Infrastructure.ResourceInvoker.<InvokeAsync>g__Logged|17_1(ResourceInvoker invoker)
   at Microsoft.AspNetCore.Mvc.Infrastructure.ResourceInvoker.<InvokeAsync>g__Logged|17_1(ResourceInvoker invoker)
   at Microsoft.AspNetCore.Routing.EndpointMiddleware.<Invoke>g__AwaitRequestTask|7_0(Endpoint endpoint, Task requestTask, ILogger logger)
   at Microsoft.AspNetCore.Authorization.AuthorizationMiddleware.Invoke(HttpContext context)
   at Microsoft.AspNetCore.Authentication.AuthenticationMiddleware.Invoke(HttpContext context)
   at Swashbuckle.AspNetCore.SwaggerUI.SwaggerUIMiddleware.Invoke(HttpContext httpContext)
   at Swashbuckle.AspNetCore.Swagger.SwaggerMiddleware.Invoke(HttpContext httpContext, ISwaggerProvider swaggerProvider)
   at Microsoft.AspNetCore.Diagnostics.DeveloperExceptionPageMiddlewareImpl.Invoke(HttpContext context) | url: https://localhost/cars/2
2025-04-18 11:35:50.1982 | DEBUG | CarRental.Authentication.BasicAuthenticationHandler | AuthenticationScheme: BasicAuthentication was successfully authenticated.  | url: https://localhost/cars/3002
2025-04-18 11:35:50.2141 | INFO | CarRental.Controllers.CarsController | We are in Cars  | url: https://localhost/cars/3002
2025-04-18 11:35:55.2857 | DEBUG | CarRental.Authentication.BasicAuthenticationHandler | AuthenticationScheme: BasicAuthentication was successfully authenticated.  | url: https://localhost/cars
2025-04-18 11:35:55.2857 | INFO | CarRental.Controllers.CarsController | We are in Cars  | url: https://localhost/cars
2025-04-18 11:36:16.5489 | DEBUG | CarRental.Authentication.BasicAuthenticationHandler | AuthenticationScheme: BasicAuthentication was successfully authenticated.  | url: https://localhost/cars
2025-04-18 11:36:16.5489 | INFO | CarRental.Controllers.CarsController | We are in Cars  | url: https://localhost/cars
2025-04-18 11:36:16.7543 | DEBUG | CarRental.Authentication.BasicAuthenticationHandler | AuthenticationScheme: BasicAuthentication was successfully authenticated.  | url: https://localhost/cars
2025-04-18 11:36:16.7543 | INFO | CarRental.Controllers.CarsController | We are in Cars  | url: https://localhost/cars
2025-04-18 11:36:25.0449 | DEBUG | CarRental.Authentication.BasicAuthenticationHandler | AuthenticationScheme: BasicAuthentication was successfully authenticated.  | url: https://localhost/cars/3003
2025-04-18 11:36:25.0602 | INFO | CarRental.Controllers.CarsController | We are in Cars  | url: https://localhost/cars/3003
2025-04-18 11:36:28.0206 | DEBUG | CarRental.Authentication.BasicAuthenticationHandler | AuthenticationScheme: BasicAuthentication was successfully authenticated.  | url: https://localhost/cars/3003
2025-04-18 11:36:28.0206 | INFO | CarRental.Controllers.CarsController | We are in Cars  | url: https://localhost/cars/3003
2025-04-18 11:36:31.5533 | DEBUG | CarRental.Authentication.BasicAuthenticationHandler | AuthenticationScheme: BasicAuthentication was successfully authenticated.  | url: https://localhost/cars
2025-04-18 11:36:31.5533 | INFO | CarRental.Controllers.CarsController | We are in Cars  | url: https://localhost/cars
2025-04-18 11:53:07.9502 | INFO | Microsoft.Hosting.Lifetime | Now listening on: https://localhost:7256  | url: 
2025-04-18 11:53:08.4482 | INFO | Microsoft.Hosting.Lifetime | Now listening on: http://localhost:5031  | url: 
2025-04-18 11:53:08.7538 | INFO | Microsoft.Hosting.Lifetime | Application started. Press Ctrl+C to shut down.  | url: 
2025-04-18 11:53:08.7538 | INFO | Microsoft.Hosting.Lifetime | Hosting environment: Development  | url: 
2025-04-18 11:53:08.7662 | INFO | Microsoft.Hosting.Lifetime | Content root path: C:\Users\elizz\OneDrive\Pulpit\CarRental\CarRental\CarRental  | url: 
2025-04-18 11:53:09.5870 | ERROR | Microsoft.AspNetCore.Diagnostics.DeveloperExceptionPageMiddleware | An unhandled exception has occurred while executing the request. Swashbuckle.AspNetCore.SwaggerGen.SwaggerGeneratorException: Conflicting method/path combination "POST Users/authenticate" for actions - CarRental.Controllers.UsersController.CreateUser (CarRental),CarRental.Controllers.UsersController.AuthenticateUser (CarRental). Actions require a unique method/path combination for Swagger/OpenAPI 3.0. Use ConflictingActionsResolver as a workaround
   at Swashbuckle.AspNetCore.SwaggerGen.SwaggerGenerator.GenerateOperations(IEnumerable`1 apiDescriptions, SchemaRepository schemaRepository)
   at Swashbuckle.AspNetCore.SwaggerGen.SwaggerGenerator.GeneratePaths(IEnumerable`1 apiDescriptions, SchemaRepository schemaRepository)
   at Swashbuckle.AspNetCore.SwaggerGen.SwaggerGenerator.GetSwaggerDocumentWithoutFilters(String documentName, String host, String basePath)
   at Swashbuckle.AspNetCore.SwaggerGen.SwaggerGenerator.GetSwaggerAsync(String documentName, String host, String basePath)
   at Swashbuckle.AspNetCore.Swagger.SwaggerMiddleware.Invoke(HttpContext httpContext, ISwaggerProvider swaggerProvider)
   at Microsoft.AspNetCore.Diagnostics.DeveloperExceptionPageMiddlewareImpl.Invoke(HttpContext context) | url: https://localhost/swagger/v1/swagger.json
2025-04-18 11:54:49.1632 | INFO | Microsoft.Hosting.Lifetime | Now listening on: https://localhost:7256  | url: 
2025-04-18 11:54:49.1632 | INFO | Microsoft.Hosting.Lifetime | Now listening on: http://localhost:5031  | url: 
2025-04-18 11:54:49.2608 | INFO | Microsoft.Hosting.Lifetime | Application started. Press Ctrl+C to shut down.  | url: 
2025-04-18 11:54:49.2608 | INFO | Microsoft.Hosting.Lifetime | Hosting environment: Development  | url: 
2025-04-18 11:54:49.2608 | INFO | Microsoft.Hosting.Lifetime | Content root path: C:\Users\elizz\OneDrive\Pulpit\CarRental\CarRental\CarRental  | url: 
2025-04-18 11:54:50.5199 | ERROR | Microsoft.AspNetCore.Diagnostics.DeveloperExceptionPageMiddleware | An unhandled exception has occurred while executing the request. Swashbuckle.AspNetCore.SwaggerGen.SwaggerGeneratorException: Conflicting method/path combination "POST Users/authenticate" for actions - CarRental.Controllers.UsersController.CreateUser (CarRental),CarRental.Controllers.UsersController.AuthenticateUser (CarRental). Actions require a unique method/path combination for Swagger/OpenAPI 3.0. Use ConflictingActionsResolver as a workaround
   at Swashbuckle.AspNetCore.SwaggerGen.SwaggerGenerator.GenerateOperations(IEnumerable`1 apiDescriptions, SchemaRepository schemaRepository)
   at Swashbuckle.AspNetCore.SwaggerGen.SwaggerGenerator.GeneratePaths(IEnumerable`1 apiDescriptions, SchemaRepository schemaRepository)
   at Swashbuckle.AspNetCore.SwaggerGen.SwaggerGenerator.GetSwaggerDocumentWithoutFilters(String documentName, String host, String basePath)
   at Swashbuckle.AspNetCore.SwaggerGen.SwaggerGenerator.GetSwaggerAsync(String documentName, String host, String basePath)
   at Swashbuckle.AspNetCore.Swagger.SwaggerMiddleware.Invoke(HttpContext httpContext, ISwaggerProvider swaggerProvider)
   at Microsoft.AspNetCore.Diagnostics.DeveloperExceptionPageMiddlewareImpl.Invoke(HttpContext context) | url: https://localhost/swagger/v1/swagger.json
2025-04-18 11:55:35.2524 | INFO | Microsoft.Hosting.Lifetime | Now listening on: https://localhost:7256  | url: 
2025-04-18 11:55:35.2524 | INFO | Microsoft.Hosting.Lifetime | Now listening on: http://localhost:5031  | url: 
2025-04-18 11:55:35.4259 | INFO | Microsoft.Hosting.Lifetime | Application started. Press Ctrl+C to shut down.  | url: 
2025-04-18 11:55:35.4259 | INFO | Microsoft.Hosting.Lifetime | Hosting environment: Development  | url: 
2025-04-18 11:55:35.4259 | INFO | Microsoft.Hosting.Lifetime | Content root path: C:\Users\elizz\OneDrive\Pulpit\CarRental\CarRental\CarRental  | url: 
2025-04-18 11:55:38.9314 | ERROR | Microsoft.AspNetCore.Diagnostics.DeveloperExceptionPageMiddleware | An unhandled exception has occurred while executing the request. Swashbuckle.AspNetCore.SwaggerGen.SwaggerGeneratorException: Conflicting method/path combination "POST Users/authenticate" for actions - CarRental.Controllers.UsersController.CreateUser (CarRental),CarRental.Controllers.UsersController.AuthenticateUser (CarRental). Actions require a unique method/path combination for Swagger/OpenAPI 3.0. Use ConflictingActionsResolver as a workaround
   at Swashbuckle.AspNetCore.SwaggerGen.SwaggerGenerator.GenerateOperations(IEnumerable`1 apiDescriptions, SchemaRepository schemaRepository)
   at Swashbuckle.AspNetCore.SwaggerGen.SwaggerGenerator.GeneratePaths(IEnumerable`1 apiDescriptions, SchemaRepository schemaRepository)
   at Swashbuckle.AspNetCore.SwaggerGen.SwaggerGenerator.GetSwaggerDocumentWithoutFilters(String documentName, String host, String basePath)
   at Swashbuckle.AspNetCore.SwaggerGen.SwaggerGenerator.GetSwaggerAsync(String documentName, String host, String basePath)
   at Swashbuckle.AspNetCore.Swagger.SwaggerMiddleware.Invoke(HttpContext httpContext, ISwaggerProvider swaggerProvider)
   at Microsoft.AspNetCore.Diagnostics.DeveloperExceptionPageMiddlewareImpl.Invoke(HttpContext context) | url: https://localhost/swagger/v1/swagger.json
2025-04-18 11:56:59.1504 | INFO | Microsoft.Hosting.Lifetime | Now listening on: https://localhost:7256  | url: 
2025-04-18 11:56:59.1609 | INFO | Microsoft.Hosting.Lifetime | Now listening on: http://localhost:5031  | url: 
2025-04-18 11:56:59.4060 | INFO | Microsoft.Hosting.Lifetime | Application started. Press Ctrl+C to shut down.  | url: 
2025-04-18 11:56:59.4060 | INFO | Microsoft.Hosting.Lifetime | Hosting environment: Development  | url: 
2025-04-18 11:56:59.4060 | INFO | Microsoft.Hosting.Lifetime | Content root path: C:\Users\elizz\OneDrive\Pulpit\CarRental\CarRental\CarRental  | url: 
2025-04-18 11:57:02.4927 | ERROR | Microsoft.AspNetCore.Diagnostics.DeveloperExceptionPageMiddleware | An unhandled exception has occurred while executing the request. Swashbuckle.AspNetCore.SwaggerGen.SwaggerGeneratorException: Conflicting method/path combination "POST Users/authenticate" for actions - CarRental.Controllers.UsersController.CreateUser (CarRental),CarRental.Controllers.UsersController.AuthenticateUser (CarRental). Actions require a unique method/path combination for Swagger/OpenAPI 3.0. Use ConflictingActionsResolver as a workaround
   at Swashbuckle.AspNetCore.SwaggerGen.SwaggerGenerator.GenerateOperations(IEnumerable`1 apiDescriptions, SchemaRepository schemaRepository)
   at Swashbuckle.AspNetCore.SwaggerGen.SwaggerGenerator.GeneratePaths(IEnumerable`1 apiDescriptions, SchemaRepository schemaRepository)
   at Swashbuckle.AspNetCore.SwaggerGen.SwaggerGenerator.GetSwaggerDocumentWithoutFilters(String documentName, String host, String basePath)
   at Swashbuckle.AspNetCore.SwaggerGen.SwaggerGenerator.GetSwaggerAsync(String documentName, String host, String basePath)
   at Swashbuckle.AspNetCore.Swagger.SwaggerMiddleware.Invoke(HttpContext httpContext, ISwaggerProvider swaggerProvider)
   at Microsoft.AspNetCore.Diagnostics.DeveloperExceptionPageMiddlewareImpl.Invoke(HttpContext context) | url: https://localhost/swagger/v1/swagger.json
2025-04-18 11:58:00.9130 | INFO | Microsoft.Hosting.Lifetime | Now listening on: https://localhost:7256  | url: 
2025-04-18 11:58:00.9130 | INFO | Microsoft.Hosting.Lifetime | Now listening on: http://localhost:5031  | url: 
2025-04-18 11:58:01.1321 | INFO | Microsoft.Hosting.Lifetime | Application started. Press Ctrl+C to shut down.  | url: 
2025-04-18 11:58:01.1321 | INFO | Microsoft.Hosting.Lifetime | Hosting environment: Development  | url: 
2025-04-18 11:58:01.1321 | INFO | Microsoft.Hosting.Lifetime | Content root path: C:\Users\elizz\OneDrive\Pulpit\CarRental\CarRental\CarRental  | url: 
2025-04-18 11:58:02.4119 | ERROR | Microsoft.AspNetCore.Diagnostics.DeveloperExceptionPageMiddleware | An unhandled exception has occurred while executing the request. Swashbuckle.AspNetCore.SwaggerGen.SwaggerGeneratorException: Conflicting method/path combination "POST Users/authenticate" for actions - CarRental.Controllers.UsersController.CreateUser (CarRental),CarRental.Controllers.UsersController.AuthenticateUser (CarRental). Actions require a unique method/path combination for Swagger/OpenAPI 3.0. Use ConflictingActionsResolver as a workaround
   at Swashbuckle.AspNetCore.SwaggerGen.SwaggerGenerator.GenerateOperations(IEnumerable`1 apiDescriptions, SchemaRepository schemaRepository)
   at Swashbuckle.AspNetCore.SwaggerGen.SwaggerGenerator.GeneratePaths(IEnumerable`1 apiDescriptions, SchemaRepository schemaRepository)
   at Swashbuckle.AspNetCore.SwaggerGen.SwaggerGenerator.GetSwaggerDocumentWithoutFilters(String documentName, String host, String basePath)
   at Swashbuckle.AspNetCore.SwaggerGen.SwaggerGenerator.GetSwaggerAsync(String documentName, String host, String basePath)
   at Swashbuckle.AspNetCore.Swagger.SwaggerMiddleware.Invoke(HttpContext httpContext, ISwaggerProvider swaggerProvider)
   at Microsoft.AspNetCore.Diagnostics.DeveloperExceptionPageMiddlewareImpl.Invoke(HttpContext context) | url: https://localhost/swagger/v1/swagger.json
2025-04-18 11:59:24.7506 | INFO | Microsoft.Hosting.Lifetime | Now listening on: https://localhost:7256  | url: 
2025-04-18 11:59:24.7506 | INFO | Microsoft.Hosting.Lifetime | Now listening on: http://localhost:5031  | url: 
2025-04-18 11:59:24.8849 | INFO | Microsoft.Hosting.Lifetime | Application started. Press Ctrl+C to shut down.  | url: 
2025-04-18 11:59:24.8849 | INFO | Microsoft.Hosting.Lifetime | Hosting environment: Development  | url: 
2025-04-18 11:59:24.8849 | INFO | Microsoft.Hosting.Lifetime | Content root path: C:\Users\elizz\OneDrive\Pulpit\CarRental\CarRental\CarRental  | url: 
2025-04-18 11:59:26.6429 | ERROR | Microsoft.AspNetCore.Diagnostics.DeveloperExceptionPageMiddleware | An unhandled exception has occurred while executing the request. Swashbuckle.AspNetCore.SwaggerGen.SwaggerGeneratorException: Conflicting method/path combination "POST Users/authenticate" for actions - CarRental.Controllers.UsersController.CreateUser (CarRental),CarRental.Controllers.UsersController.AuthenticateUser (CarRental). Actions require a unique method/path combination for Swagger/OpenAPI 3.0. Use ConflictingActionsResolver as a workaround
   at Swashbuckle.AspNetCore.SwaggerGen.SwaggerGenerator.GenerateOperations(IEnumerable`1 apiDescriptions, SchemaRepository schemaRepository)
   at Swashbuckle.AspNetCore.SwaggerGen.SwaggerGenerator.GeneratePaths(IEnumerable`1 apiDescriptions, SchemaRepository schemaRepository)
   at Swashbuckle.AspNetCore.SwaggerGen.SwaggerGenerator.GetSwaggerDocumentWithoutFilters(String documentName, String host, String basePath)
   at Swashbuckle.AspNetCore.SwaggerGen.SwaggerGenerator.GetSwaggerAsync(String documentName, String host, String basePath)
   at Swashbuckle.AspNetCore.Swagger.SwaggerMiddleware.Invoke(HttpContext httpContext, ISwaggerProvider swaggerProvider)
   at Microsoft.AspNetCore.Diagnostics.DeveloperExceptionPageMiddlewareImpl.Invoke(HttpContext context) | url: https://localhost/swagger/v1/swagger.json
2025-04-18 12:00:33.2962 | INFO | Microsoft.Hosting.Lifetime | Now listening on: https://localhost:7256  | url: 
2025-04-18 12:00:33.3029 | INFO | Microsoft.Hosting.Lifetime | Now listening on: http://localhost:5031  | url: 
2025-04-18 12:00:33.5036 | INFO | Microsoft.Hosting.Lifetime | Application started. Press Ctrl+C to shut down.  | url: 
2025-04-18 12:00:33.5036 | INFO | Microsoft.Hosting.Lifetime | Hosting environment: Development  | url: 
2025-04-18 12:00:33.5036 | INFO | Microsoft.Hosting.Lifetime | Content root path: C:\Users\elizz\OneDrive\Pulpit\CarRental\CarRental\CarRental  | url: 
2025-04-18 12:00:34.6234 | ERROR | Microsoft.AspNetCore.Diagnostics.DeveloperExceptionPageMiddleware | An unhandled exception has occurred while executing the request. Swashbuckle.AspNetCore.SwaggerGen.SwaggerGeneratorException: Conflicting method/path combination "POST Users/authenticate" for actions - CarRental.Controllers.UsersController.CreateUser (CarRental),CarRental.Controllers.UsersController.AuthenticateUser (CarRental). Actions require a unique method/path combination for Swagger/OpenAPI 3.0. Use ConflictingActionsResolver as a workaround
   at Swashbuckle.AspNetCore.SwaggerGen.SwaggerGenerator.GenerateOperations(IEnumerable`1 apiDescriptions, SchemaRepository schemaRepository)
   at Swashbuckle.AspNetCore.SwaggerGen.SwaggerGenerator.GeneratePaths(IEnumerable`1 apiDescriptions, SchemaRepository schemaRepository)
   at Swashbuckle.AspNetCore.SwaggerGen.SwaggerGenerator.GetSwaggerDocumentWithoutFilters(String documentName, String host, String basePath)
   at Swashbuckle.AspNetCore.SwaggerGen.SwaggerGenerator.GetSwaggerAsync(String documentName, String host, String basePath)
   at Swashbuckle.AspNetCore.Swagger.SwaggerMiddleware.Invoke(HttpContext httpContext, ISwaggerProvider swaggerProvider)
   at Microsoft.AspNetCore.Diagnostics.DeveloperExceptionPageMiddlewareImpl.Invoke(HttpContext context) | url: https://localhost/swagger/v1/swagger.json
2025-04-18 12:11:20.0447 | INFO | Microsoft.Hosting.Lifetime | Now listening on: https://localhost:7256  | url: 
2025-04-18 12:11:20.0447 | INFO | Microsoft.Hosting.Lifetime | Now listening on: http://localhost:5031  | url: 
2025-04-18 12:11:20.2252 | INFO | Microsoft.Hosting.Lifetime | Application started. Press Ctrl+C to shut down.  | url: 
2025-04-18 12:11:20.2252 | INFO | Microsoft.Hosting.Lifetime | Hosting environment: Development  | url: 
2025-04-18 12:11:20.2252 | INFO | Microsoft.Hosting.Lifetime | Content root path: C:\Users\elizz\OneDrive\Pulpit\CarRental\CarRental\CarRental  | url: 
2025-04-18 15:55:20.4491 | INFO | Microsoft.Hosting.Lifetime | Now listening on: https://localhost:7256  | url: 
2025-04-18 15:55:20.4576 | INFO | Microsoft.Hosting.Lifetime | Now listening on: http://localhost:5031  | url: 
2025-04-18 15:55:20.6798 | INFO | Microsoft.Hosting.Lifetime | Application started. Press Ctrl+C to shut down.  | url: 
2025-04-18 15:55:20.6798 | INFO | Microsoft.Hosting.Lifetime | Hosting environment: Development  | url: 
2025-04-18 15:55:20.6798 | INFO | Microsoft.Hosting.Lifetime | Content root path: C:\Users\elizz\OneDrive\Pulpit\CarRental\CarRental\CarRental  | url: 
2025-04-18 16:04:20.8436 | INFO | Microsoft.Hosting.Lifetime | Now listening on: https://localhost:7256  | url: 
2025-04-18 16:04:20.8560 | INFO | Microsoft.Hosting.Lifetime | Now listening on: http://localhost:5031  | url: 
2025-04-18 16:04:21.0566 | INFO | Microsoft.Hosting.Lifetime | Application started. Press Ctrl+C to shut down.  | url: 
2025-04-18 16:04:21.0936 | INFO | Microsoft.Hosting.Lifetime | Hosting environment: Development  | url: 
2025-04-18 16:04:21.0985 | INFO | Microsoft.Hosting.Lifetime | Content root path: C:\Users\elizz\OneDrive\Pulpit\CarRental\CarRental\CarRental  | url: 
2025-04-18 16:04:30.3647 | DEBUG | CarRental.Authentication.BasicAuthenticationHandler | AuthenticationScheme: BasicAuthentication was not authenticated.  | url: https://localhost/users/authenticate
2025-04-18 16:04:37.9763 | DEBUG | CarRental.Authentication.BasicAuthenticationHandler | AuthenticationScheme: BasicAuthentication was successfully authenticated.  | url: https://localhost/users
2025-04-18 16:04:45.5231 | DEBUG | CarRental.Authentication.BasicAuthenticationHandler | AuthenticationScheme: BasicAuthentication was successfully authenticated.  | url: https://localhost/cars
2025-04-18 16:04:45.5323 | INFO | CarRental.Controllers.CarsController | We are in Cars  | url: https://localhost/cars
2025-04-18 16:04:47.9779 | INFO | CarRental.Authentication.BasicAuthenticationHandler | BasicAuthentication was not authenticated. Failure message: Missing Authorization Header  | url: https://localhost/customers
2025-04-18 16:04:55.8441 | INFO | CarRental.Authentication.BasicAuthenticationHandler | BasicAuthentication was not authenticated. Failure message: Missing Authorization Header  | url: https://localhost/employees
2025-04-18 16:04:58.1981 | INFO | CarRental.Authentication.BasicAuthenticationHandler | BasicAuthentication was not authenticated. Failure message: Missing Authorization Header  | url: https://localhost/rentals
2025-04-18 16:05:05.8435 | INFO | CarRental.Authentication.BasicAuthenticationHandler | BasicAuthentication was not authenticated. Failure message: Missing Authorization Header  | url: https://localhost/rentaldata
2025-04-18 16:05:10.8919 | INFO | CarRental.Authentication.BasicAuthenticationHandler | BasicAuthentication was not authenticated. Failure message: Missing Authorization Header  | url: https://localhost/customers
2025-04-18 16:05:14.7237 | DEBUG | CarRental.Authentication.BasicAuthenticationHandler | AuthenticationScheme: BasicAuthentication was successfully authenticated.  | url: https://localhost/cars
2025-04-18 16:05:14.7237 | INFO | CarRental.Controllers.CarsController | We are in Cars  | url: https://localhost/cars
2025-04-18 16:05:19.3074 | INFO | CarRental.Authentication.BasicAuthenticationHandler | BasicAuthentication was not authenticated. Failure message: Missing Authorization Header  | url: https://localhost/customers
2025-04-18 16:05:41.8727 | INFO | CarRental.Authentication.BasicAuthenticationHandler | BasicAuthentication was not authenticated. Failure message: Missing Authorization Header  | url: https://localhost/customers
2025-04-18 16:05:42.1579 | INFO | CarRental.Authentication.BasicAuthenticationHandler | BasicAuthentication was not authenticated. Failure message: Missing Authorization Header  | url: https://localhost/customers
2025-04-18 16:05:53.3088 | INFO | CarRental.Authentication.BasicAuthenticationHandler | BasicAuthentication was not authenticated. Failure message: Missing Authorization Header  | url: https://localhost/employees
2025-04-18 16:05:55.3902 | INFO | CarRental.Authentication.BasicAuthenticationHandler | BasicAuthentication was not authenticated. Failure message: Missing Authorization Header  | url: https://localhost/customers
2025-04-18 16:05:58.9546 | INFO | CarRental.Authentication.BasicAuthenticationHandler | BasicAuthentication was not authenticated. Failure message: Missing Authorization Header  | url: https://localhost/employees
2025-04-18 16:06:02.6775 | INFO | CarRental.Authentication.BasicAuthenticationHandler | BasicAuthentication was not authenticated. Failure message: Missing Authorization Header  | url: https://localhost/rentals
2025-04-18 16:06:05.0952 | INFO | CarRental.Authentication.BasicAuthenticationHandler | BasicAuthentication was not authenticated. Failure message: Missing Authorization Header  | url: https://localhost/customers
2025-04-18 16:06:06.0173 | DEBUG | CarRental.Authentication.BasicAuthenticationHandler | AuthenticationScheme: BasicAuthentication was successfully authenticated.  | url: https://localhost/cars
2025-04-18 16:06:06.0173 | INFO | CarRental.Controllers.CarsController | We are in Cars  | url: https://localhost/cars
2025-04-18 16:06:31.5685 | INFO | Microsoft.Hosting.Lifetime | Now listening on: https://localhost:7256  | url: 
2025-04-18 16:06:31.5863 | INFO | Microsoft.Hosting.Lifetime | Now listening on: http://localhost:5031  | url: 
2025-04-18 16:06:32.0327 | INFO | Microsoft.Hosting.Lifetime | Application started. Press Ctrl+C to shut down.  | url: 
2025-04-18 16:06:32.0327 | INFO | Microsoft.Hosting.Lifetime | Hosting environment: Development  | url: 
2025-04-18 16:06:32.0327 | INFO | Microsoft.Hosting.Lifetime | Content root path: C:\Users\elizz\OneDrive\Pulpit\CarRental\CarRental\CarRental  | url: 
2025-04-18 16:06:54.2471 | DEBUG | CarRental.Authentication.BasicAuthenticationHandler | AuthenticationScheme: BasicAuthentication was not authenticated.  | url: https://localhost/users/authenticate
2025-04-18 16:06:59.1834 | DEBUG | CarRental.Authentication.BasicAuthenticationHandler | AuthenticationScheme: BasicAuthentication was successfully authenticated.  | url: https://localhost/users
2025-04-18 16:07:01.3782 | DEBUG | CarRental.Authentication.BasicAuthenticationHandler | AuthenticationScheme: BasicAuthentication was successfully authenticated.  | url: https://localhost/cars
2025-04-18 16:07:01.3886 | INFO | CarRental.Controllers.CarsController | We are in Cars  | url: https://localhost/cars
2025-04-18 16:07:02.8074 | INFO | CarRental.Authentication.BasicAuthenticationHandler | BasicAuthentication was not authenticated. Failure message: Missing Authorization Header  | url: https://localhost/customers
2025-04-18 16:07:32.8964 | INFO | CarRental.Authentication.BasicAuthenticationHandler | BasicAuthentication was not authenticated. Failure message: Missing Authorization Header  | url: https://localhost/employees
2025-04-18 16:07:34.2420 | INFO | CarRental.Authentication.BasicAuthenticationHandler | BasicAuthentication was not authenticated. Failure message: Missing Authorization Header  | url: https://localhost/rentals
2025-04-18 16:07:35.8076 | INFO | CarRental.Authentication.BasicAuthenticationHandler | BasicAuthentication was not authenticated. Failure message: Missing Authorization Header  | url: https://localhost/rentaldata
2025-04-18 16:07:40.6061 | DEBUG | CarRental.Authentication.BasicAuthenticationHandler | AuthenticationScheme: BasicAuthentication was successfully authenticated.  | url: https://localhost/cars
2025-04-18 16:07:40.6061 | INFO | CarRental.Controllers.CarsController | We are in Cars  | url: https://localhost/cars
2025-04-18 16:07:41.8866 | INFO | CarRental.Authentication.BasicAuthenticationHandler | BasicAuthentication was not authenticated. Failure message: Missing Authorization Header  | url: https://localhost/customers
2025-04-18 16:07:43.0607 | DEBUG | CarRental.Authentication.BasicAuthenticationHandler | AuthenticationScheme: BasicAuthentication was successfully authenticated.  | url: https://localhost/cars
2025-04-18 16:07:43.0607 | INFO | CarRental.Controllers.CarsController | We are in Cars  | url: https://localhost/cars
2025-04-18 16:07:43.5088 | INFO | CarRental.Authentication.BasicAuthenticationHandler | BasicAuthentication was not authenticated. Failure message: Missing Authorization Header  | url: https://localhost/customers
2025-04-18 16:32:37.0123 | INFO | Microsoft.Hosting.Lifetime | Now listening on: https://localhost:7256  | url: 
2025-04-18 16:32:37.0176 | INFO | Microsoft.Hosting.Lifetime | Now listening on: http://localhost:5031  | url: 
2025-04-18 16:32:37.2572 | INFO | Microsoft.Hosting.Lifetime | Application started. Press Ctrl+C to shut down.  | url: 
2025-04-18 16:32:37.2572 | INFO | Microsoft.Hosting.Lifetime | Hosting environment: Development  | url: 
2025-04-18 16:32:37.2572 | INFO | Microsoft.Hosting.Lifetime | Content root path: C:\Users\elizz\OneDrive\Pulpit\CarRental\CarRental\CarRental  | url: 
2025-04-18 16:33:09.1514 | DEBUG | CarRental.Authentication.BasicAuthenticationHandler | AuthenticationScheme: BasicAuthentication was successfully authenticated.  | url: https://localhost/users
2025-04-18 16:33:12.1962 | DEBUG | CarRental.Authentication.BasicAuthenticationHandler | AuthenticationScheme: BasicAuthentication was successfully authenticated.  | url: https://localhost/cars
2025-04-18 16:33:12.1962 | INFO | CarRental.Controllers.CarsController | We are in Cars  | url: https://localhost/cars
2025-04-18 16:33:13.4257 | DEBUG | CarRental.Authentication.BasicAuthenticationHandler | AuthenticationScheme: BasicAuthentication was successfully authenticated.  | url: https://localhost/customers
2025-04-18 16:33:15.3571 | DEBUG | CarRental.Authentication.BasicAuthenticationHandler | AuthenticationScheme: BasicAuthentication was successfully authenticated.  | url: https://localhost/employees
2025-04-18 16:33:17.1736 | DEBUG | CarRental.Authentication.BasicAuthenticationHandler | AuthenticationScheme: BasicAuthentication was successfully authenticated.  | url: https://localhost/customers
2025-04-18 16:33:18.6962 | DEBUG | CarRental.Authentication.BasicAuthenticationHandler | AuthenticationScheme: BasicAuthentication was successfully authenticated.  | url: https://localhost/cars
2025-04-18 16:33:18.6962 | INFO | CarRental.Controllers.CarsController | We are in Cars  | url: https://localhost/cars
2025-04-18 16:33:20.3169 | DEBUG | CarRental.Authentication.BasicAuthenticationHandler | AuthenticationScheme: BasicAuthentication was successfully authenticated.  | url: https://localhost/users
2025-04-18 16:33:22.3730 | DEBUG | CarRental.Authentication.BasicAuthenticationHandler | AuthenticationScheme: BasicAuthentication was successfully authenticated.  | url: https://localhost/cars
2025-04-18 16:33:22.3745 | INFO | CarRental.Controllers.CarsController | We are in Cars  | url: https://localhost/cars
2025-04-18 16:33:25.4673 | DEBUG | CarRental.Authentication.BasicAuthenticationHandler | AuthenticationScheme: BasicAuthentication was successfully authenticated.  | url: https://localhost/customers
2025-04-18 16:33:37.6902 | DEBUG | CarRental.Authentication.BasicAuthenticationHandler | AuthenticationScheme: BasicAuthentication was successfully authenticated.  | url: https://localhost/employees
2025-04-18 16:33:48.7132 | DEBUG | CarRental.Authentication.BasicAuthenticationHandler | AuthenticationScheme: BasicAuthentication was successfully authenticated.  | url: https://localhost/employees
2025-04-18 16:33:51.2964 | DEBUG | CarRental.Authentication.BasicAuthenticationHandler | AuthenticationScheme: BasicAuthentication was successfully authenticated.  | url: https://localhost/rentals
2025-04-18 16:33:56.4786 | DEBUG | CarRental.Authentication.BasicAuthenticationHandler | AuthenticationScheme: BasicAuthentication was successfully authenticated.  | url: https://localhost/employees
2025-04-18 16:33:58.2230 | DEBUG | CarRental.Authentication.BasicAuthenticationHandler | AuthenticationScheme: BasicAuthentication was successfully authenticated.  | url: https://localhost/rentals
2025-04-18 16:33:59.2475 | DEBUG | CarRental.Authentication.BasicAuthenticationHandler | AuthenticationScheme: BasicAuthentication was successfully authenticated.  | url: https://localhost/rentaldata
2025-04-18 16:34:05.9888 | DEBUG | CarRental.Authentication.BasicAuthenticationHandler | AuthenticationScheme: BasicAuthentication was successfully authenticated.  | url: https://localhost/rentals
2025-04-18 16:34:14.0425 | DEBUG | CarRental.Authentication.BasicAuthenticationHandler | AuthenticationScheme: BasicAuthentication was successfully authenticated.  | url: https://localhost/rentaldata
2025-04-18 16:37:01.8926 | INFO | Microsoft.Hosting.Lifetime | Now listening on: https://localhost:7256  | url: 
2025-04-18 16:37:01.8926 | INFO | Microsoft.Hosting.Lifetime | Now listening on: http://localhost:5031  | url: 
2025-04-18 16:37:02.0286 | INFO | Microsoft.Hosting.Lifetime | Application started. Press Ctrl+C to shut down.  | url: 
2025-04-18 16:37:02.0286 | INFO | Microsoft.Hosting.Lifetime | Hosting environment: Development  | url: 
2025-04-18 16:37:02.0286 | INFO | Microsoft.Hosting.Lifetime | Content root path: C:\Users\elizz\OneDrive\Pulpit\CarRental\CarRental\CarRental  | url: 
2025-04-18 16:37:13.6215 | DEBUG | CarRental.Authentication.BasicAuthenticationHandler | AuthenticationScheme: BasicAuthentication was not authenticated.  | url: https://localhost/users/authenticate
2025-04-18 16:37:19.2467 | DEBUG | CarRental.Authentication.BasicAuthenticationHandler | AuthenticationScheme: BasicAuthentication was successfully authenticated.  | url: https://localhost/users
2025-04-18 16:37:21.1363 | DEBUG | CarRental.Authentication.BasicAuthenticationHandler | AuthenticationScheme: BasicAuthentication was successfully authenticated.  | url: https://localhost/cars
2025-04-18 16:37:21.1473 | INFO | CarRental.Controllers.CarsController | We are in Cars  | url: https://localhost/cars
2025-04-18 16:37:22.4929 | DEBUG | CarRental.Authentication.BasicAuthenticationHandler | AuthenticationScheme: BasicAuthentication was successfully authenticated.  | url: https://localhost/customers
2025-04-18 16:37:23.9795 | DEBUG | CarRental.Authentication.BasicAuthenticationHandler | AuthenticationScheme: BasicAuthentication was successfully authenticated.  | url: https://localhost/employees
2025-04-18 16:37:25.1523 | DEBUG | CarRental.Authentication.BasicAuthenticationHandler | AuthenticationScheme: BasicAuthentication was successfully authenticated.  | url: https://localhost/rentals
2025-04-18 16:44:21.5704 | INFO | Microsoft.Hosting.Lifetime | Now listening on: https://localhost:7256  | url: 
2025-04-18 16:44:21.5704 | INFO | Microsoft.Hosting.Lifetime | Now listening on: http://localhost:5031  | url: 
2025-04-18 16:44:21.6637 | INFO | Microsoft.Hosting.Lifetime | Application started. Press Ctrl+C to shut down.  | url: 
2025-04-18 16:44:21.6637 | INFO | Microsoft.Hosting.Lifetime | Hosting environment: Development  | url: 
2025-04-18 16:44:21.6637 | INFO | Microsoft.Hosting.Lifetime | Content root path: C:\Users\elizz\OneDrive\Pulpit\CarRental\CarRental\CarRental  | url: 
2025-04-18 16:44:39.1239 | DEBUG | CarRental.Authentication.BasicAuthenticationHandler | AuthenticationScheme: BasicAuthentication was successfully authenticated.  | url: https://localhost/users
2025-04-18 16:44:41.3065 | DEBUG | CarRental.Authentication.BasicAuthenticationHandler | AuthenticationScheme: BasicAuthentication was successfully authenticated.  | url: https://localhost/cars
2025-04-18 16:44:41.3065 | INFO | CarRental.Controllers.CarsController | We are in Cars  | url: https://localhost/cars
2025-04-18 16:44:42.4819 | DEBUG | CarRental.Authentication.BasicAuthenticationHandler | AuthenticationScheme: BasicAuthentication was successfully authenticated.  | url: https://localhost/customers
2025-04-18 16:44:43.4187 | DEBUG | CarRental.Authentication.BasicAuthenticationHandler | AuthenticationScheme: BasicAuthentication was successfully authenticated.  | url: https://localhost/employees
2025-04-18 16:44:44.2649 | DEBUG | CarRental.Authentication.BasicAuthenticationHandler | AuthenticationScheme: BasicAuthentication was successfully authenticated.  | url: https://localhost/rentals
2025-04-18 16:45:06.7302 | INFO | CarRental.Authentication.BasicAuthenticationHandler | BasicAuthentication was not authenticated. Failure message: Missing Authorization Header  | url: https://localhost/RentalsData
2025-04-18 16:48:20.0002 | INFO | Microsoft.Hosting.Lifetime | Now listening on: https://localhost:7256  | url: 
2025-04-18 16:48:20.0091 | INFO | Microsoft.Hosting.Lifetime | Now listening on: http://localhost:5031  | url: 
2025-04-18 16:48:20.2872 | INFO | Microsoft.Hosting.Lifetime | Application started. Press Ctrl+C to shut down.  | url: 
2025-04-18 16:48:20.2872 | INFO | Microsoft.Hosting.Lifetime | Hosting environment: Development  | url: 
2025-04-18 16:48:20.2872 | INFO | Microsoft.Hosting.Lifetime | Content root path: C:\Users\elizz\OneDrive\Pulpit\CarRental\CarRental\CarRental  | url: 
2025-04-18 16:48:51.3340 | DEBUG | CarRental.Authentication.BasicAuthenticationHandler | AuthenticationScheme: BasicAuthentication was successfully authenticated.  | url: https://localhost/customers
2025-04-18 16:48:53.0207 | DEBUG | CarRental.Authentication.BasicAuthenticationHandler | AuthenticationScheme: BasicAuthentication was successfully authenticated.  | url: https://localhost/employees
2025-04-18 16:48:54.1539 | DEBUG | CarRental.Authentication.BasicAuthenticationHandler | AuthenticationScheme: BasicAuthentication was successfully authenticated.  | url: https://localhost/rentals
