2025-04-29 23:52:06.4008 | DEBUG | Microsoft.AspNetCore.Mvc.ModelBinding.ModelBinderFactory | Registered model binder providers, in the following order: Microsoft.AspNetCore.Mvc.ModelBinding.Binders.BinderTypeModelBinderProvider, Microsoft.AspNetCore.Mvc.ModelBinding.Binders.ServicesModelBinderProvider, Microsoft.AspNetCore.Mvc.ModelBinding.Binders.BodyModelBinderProvider, Microsoft.AspNetCore.Mvc.ModelBinding.Binders.HeaderModelBinderProvider, Microsoft.AspNetCore.Mvc.ModelBinding.Binders.FloatingPointTypeModelBinderProvider, Microsoft.AspNetCore.Mvc.ModelBinding.Binders.EnumTypeModelBinderProvider, Microsoft.AspNetCore.Mvc.ModelBinding.Binders.DateTimeModelBinderProvider, Microsoft.AspNetCore.Mvc.ModelBinding.Binders.SimpleTypeModelBinderProvider, Microsoft.AspNetCore.Mvc.ModelBinding.Binders.TryParseModelBinderProvider, Microsoft.AspNetCore.Mvc.ModelBinding.Binders.CancellationTokenModelBinderProvider, Microsoft.AspNetCore.Mvc.ModelBinding.Binders.ByteArrayModelBinderProvider, Microsoft.AspNetCore.Mvc.ModelBinding.Binders.FormFileModelBinderProvider, Microsoft.AspNetCore.Mvc.ModelBinding.Binders.FormCollectionModelBinderProvider, Microsoft.AspNetCore.Mvc.ModelBinding.Binders.KeyValuePairModelBinderProvider, Microsoft.AspNetCore.Mvc.ModelBinding.Binders.DictionaryModelBinderProvider, Microsoft.AspNetCore.Mvc.ModelBinding.Binders.ArrayModelBinderProvider, Microsoft.AspNetCore.Mvc.ModelBinding.Binders.CollectionModelBinderProvider, Microsoft.AspNetCore.Mvc.ModelBinding.Binders.ComplexObjectModelBinderProvider 
2025-04-29 23:52:06.6400 | DEBUG | Microsoft.Extensions.Hosting.Internal.Host | Hosting starting 
2025-04-29 23:52:06.7114 | INFO | Microsoft.AspNetCore.DataProtection.KeyManagement.XmlKeyManager | User profile is available. Using 'C:\Users\elizz\AppData\Local\ASP.NET\DataProtection-Keys' as key repository and Windows DPAPI to encrypt keys at rest. 
2025-04-29 23:52:06.7333 | DEBUG | Microsoft.AspNetCore.DataProtection.Repositories.FileSystemXmlRepository | Reading data from file 'C:\Users\elizz\AppData\Local\ASP.NET\DataProtection-Keys\key-2ecccfa8-3bb9-4395-8742-1987322aa0e1.xml'. 
2025-04-29 23:52:06.7747 | DEBUG | Microsoft.AspNetCore.DataProtection.Repositories.FileSystemXmlRepository | Reading data from file 'C:\Users\elizz\AppData\Local\ASP.NET\DataProtection-Keys\key-6601c619-e98f-4730-94cd-33e7ae3916a5.xml'. 
2025-04-29 23:52:06.8253 | DEBUG | Microsoft.AspNetCore.DataProtection.KeyManagement.XmlKeyManager | Found key {2ecccfa8-3bb9-4395-8742-1987322aa0e1}. 
2025-04-29 23:52:06.8253 | DEBUG | Microsoft.AspNetCore.DataProtection.KeyManagement.XmlKeyManager | Found key {6601c619-e98f-4730-94cd-33e7ae3916a5}. 
2025-04-29 23:52:06.8634 | DEBUG | Microsoft.AspNetCore.DataProtection.KeyManagement.DefaultKeyResolver | Considering key {6601c619-e98f-4730-94cd-33e7ae3916a5} with expiration date 2025-06-22 15:33:20Z as default key. 
2025-04-29 23:52:06.8634 | DEBUG | Microsoft.AspNetCore.DataProtection.TypeForwardingActivator | Forwarded activator type request from Microsoft.AspNetCore.DataProtection.XmlEncryption.DpapiXmlDecryptor, Microsoft.AspNetCore.DataProtection, Version=8.0.0.0, Culture=neutral, PublicKeyToken=adb9793829ddae60 to Microsoft.AspNetCore.DataProtection.XmlEncryption.DpapiXmlDecryptor, Microsoft.AspNetCore.DataProtection, Culture=neutral, PublicKeyToken=adb9793829ddae60 
2025-04-29 23:52:06.8752 | DEBUG | Microsoft.AspNetCore.DataProtection.XmlEncryption.DpapiXmlDecryptor | Decrypting secret element using Windows DPAPI. 
2025-04-29 23:52:06.8752 | DEBUG | Microsoft.AspNetCore.DataProtection.TypeForwardingActivator | Forwarded activator type request from Microsoft.AspNetCore.DataProtection.AuthenticatedEncryption.ConfigurationModel.AuthenticatedEncryptorDescriptorDeserializer, Microsoft.AspNetCore.DataProtection, Version=8.0.0.0, Culture=neutral, PublicKeyToken=adb9793829ddae60 to Microsoft.AspNetCore.DataProtection.AuthenticatedEncryption.ConfigurationModel.AuthenticatedEncryptorDescriptorDeserializer, Microsoft.AspNetCore.DataProtection, Culture=neutral, PublicKeyToken=adb9793829ddae60 
2025-04-29 23:52:06.8752 | DEBUG | Microsoft.AspNetCore.DataProtection.AuthenticatedEncryption.CngCbcAuthenticatedEncryptorFactory | Opening CNG algorithm 'AES' from provider '(null)' with chaining mode CBC. 
2025-04-29 23:52:06.8752 | DEBUG | Microsoft.AspNetCore.DataProtection.AuthenticatedEncryption.CngCbcAuthenticatedEncryptorFactory | Opening CNG algorithm 'SHA256' from provider '(null)' with HMAC. 
2025-04-29 23:52:06.8898 | DEBUG | Microsoft.AspNetCore.DataProtection.KeyManagement.KeyRingProvider | Using key {6601c619-e98f-4730-94cd-33e7ae3916a5} as the default key. 
2025-04-29 23:52:06.8898 | DEBUG | Microsoft.AspNetCore.DataProtection.Internal.DataProtectionHostedService | Key ring with default key {6601c619-e98f-4730-94cd-33e7ae3916a5} was loaded during application startup. 
2025-04-29 23:52:07.6562 | INFO | Microsoft.Hosting.Lifetime | Now listening on: https://localhost:7256 
2025-04-29 23:52:07.6941 | INFO | Microsoft.Hosting.Lifetime | Now listening on: http://localhost:5031 
2025-04-29 23:52:07.6941 | DEBUG | Microsoft.AspNetCore.Hosting.Diagnostics | Loaded hosting startup assembly CarRental 
2025-04-29 23:52:07.6941 | DEBUG | Microsoft.AspNetCore.Hosting.Diagnostics | Loaded hosting startup assembly Microsoft.WebTools.ApiEndpointDiscovery 
2025-04-29 23:52:07.6941 | DEBUG | Microsoft.AspNetCore.Hosting.Diagnostics | Loaded hosting startup assembly Microsoft.AspNetCore.Watch.BrowserRefresh 
2025-04-29 23:52:07.6941 | DEBUG | Microsoft.AspNetCore.Hosting.Diagnostics | Loaded hosting startup assembly Microsoft.WebTools.BrowserLink.Net 
2025-04-29 23:52:08.0236 | INFO | Microsoft.Hosting.Lifetime | Application started. Press Ctrl+C to shut down. 
2025-04-29 23:52:08.1536 | DEBUG | Microsoft.AspNetCore.Server.Kestrel.Connections | Connection id "0HNC7D0B952CO" accepted. 
2025-04-29 23:52:08.1863 | DEBUG | Microsoft.AspNetCore.Server.Kestrel.Connections | Connection id "0HNC7D0B952CP" accepted. 
2025-04-29 23:52:08.1863 | DEBUG | Microsoft.AspNetCore.Server.Kestrel.Connections | Connection id "0HNC7D0B952CO" started. 
2025-04-29 23:52:08.1863 | DEBUG | Microsoft.AspNetCore.Server.Kestrel.Connections | Connection id "0HNC7D0B952CP" started. 
2025-04-29 23:52:08.1863 | INFO | Microsoft.Hosting.Lifetime | Hosting environment: Development 
2025-04-29 23:52:08.1863 | INFO | Microsoft.Hosting.Lifetime | Content root path: C:\Users\elizz\OneDrive\Pulpit\CarRental\CarRental\CarRental 
2025-04-29 23:52:08.1863 | DEBUG | Microsoft.Extensions.Hosting.Internal.Host | Hosting started 
2025-04-29 23:52:18.2413 | DEBUG | Microsoft.AspNetCore.Server.Kestrel.Https.Internal.HttpsConnectionMiddleware | Authentication of the HTTPS connection timed out. 
2025-04-29 23:52:18.2413 | DEBUG | Microsoft.AspNetCore.Server.Kestrel.Https.Internal.HttpsConnectionMiddleware | Authentication of the HTTPS connection timed out. 
2025-04-29 23:52:18.2485 | DEBUG | Microsoft.AspNetCore.Server.Kestrel.Connections | Connection id "0HNC7D0B952CP" stopped. 
2025-04-29 23:52:18.2485 | DEBUG | Microsoft.AspNetCore.Server.Kestrel.Connections | Connection id "0HNC7D0B952CO" stopped. 
2025-04-29 23:52:18.2485 | DEBUG | Microsoft.AspNetCore.Server.Kestrel.Transport.Sockets | Connection id "0HNC7D0B952CP" sending FIN because: "The Socket transport's send loop completed gracefully." 
2025-04-29 23:52:18.2485 | DEBUG | Microsoft.AspNetCore.Server.Kestrel.Transport.Sockets | Connection id "0HNC7D0B952CO" sending FIN because: "The Socket transport's send loop completed gracefully." 
2025-04-29 23:52:48.3598 | DEBUG | Microsoft.AspNetCore.Mvc.ModelBinding.ModelBinderFactory | Registered model binder providers, in the following order: Microsoft.AspNetCore.Mvc.ModelBinding.Binders.BinderTypeModelBinderProvider, Microsoft.AspNetCore.Mvc.ModelBinding.Binders.ServicesModelBinderProvider, Microsoft.AspNetCore.Mvc.ModelBinding.Binders.BodyModelBinderProvider, Microsoft.AspNetCore.Mvc.ModelBinding.Binders.HeaderModelBinderProvider, Microsoft.AspNetCore.Mvc.ModelBinding.Binders.FloatingPointTypeModelBinderProvider, Microsoft.AspNetCore.Mvc.ModelBinding.Binders.EnumTypeModelBinderProvider, Microsoft.AspNetCore.Mvc.ModelBinding.Binders.DateTimeModelBinderProvider, Microsoft.AspNetCore.Mvc.ModelBinding.Binders.SimpleTypeModelBinderProvider, Microsoft.AspNetCore.Mvc.ModelBinding.Binders.TryParseModelBinderProvider, Microsoft.AspNetCore.Mvc.ModelBinding.Binders.CancellationTokenModelBinderProvider, Microsoft.AspNetCore.Mvc.ModelBinding.Binders.ByteArrayModelBinderProvider, Microsoft.AspNetCore.Mvc.ModelBinding.Binders.FormFileModelBinderProvider, Microsoft.AspNetCore.Mvc.ModelBinding.Binders.FormCollectionModelBinderProvider, Microsoft.AspNetCore.Mvc.ModelBinding.Binders.KeyValuePairModelBinderProvider, Microsoft.AspNetCore.Mvc.ModelBinding.Binders.DictionaryModelBinderProvider, Microsoft.AspNetCore.Mvc.ModelBinding.Binders.ArrayModelBinderProvider, Microsoft.AspNetCore.Mvc.ModelBinding.Binders.CollectionModelBinderProvider, Microsoft.AspNetCore.Mvc.ModelBinding.Binders.ComplexObjectModelBinderProvider 
2025-04-29 23:52:48.6371 | DEBUG | Microsoft.Extensions.Hosting.Internal.Host | Hosting starting 
2025-04-29 23:52:48.8266 | INFO | Microsoft.AspNetCore.DataProtection.KeyManagement.XmlKeyManager | User profile is available. Using 'C:\Users\elizz\AppData\Local\ASP.NET\DataProtection-Keys' as key repository and Windows DPAPI to encrypt keys at rest. 
2025-04-29 23:52:48.8487 | DEBUG | Microsoft.AspNetCore.DataProtection.Repositories.FileSystemXmlRepository | Reading data from file 'C:\Users\elizz\AppData\Local\ASP.NET\DataProtection-Keys\key-2ecccfa8-3bb9-4395-8742-1987322aa0e1.xml'. 
2025-04-29 23:52:48.8564 | DEBUG | Microsoft.AspNetCore.DataProtection.Repositories.FileSystemXmlRepository | Reading data from file 'C:\Users\elizz\AppData\Local\ASP.NET\DataProtection-Keys\key-6601c619-e98f-4730-94cd-33e7ae3916a5.xml'. 
2025-04-29 23:52:48.8737 | DEBUG | Microsoft.AspNetCore.DataProtection.KeyManagement.XmlKeyManager | Found key {2ecccfa8-3bb9-4395-8742-1987322aa0e1}. 
2025-04-29 23:52:48.8737 | DEBUG | Microsoft.AspNetCore.DataProtection.KeyManagement.XmlKeyManager | Found key {6601c619-e98f-4730-94cd-33e7ae3916a5}. 
2025-04-29 23:52:48.9129 | DEBUG | Microsoft.AspNetCore.DataProtection.KeyManagement.DefaultKeyResolver | Considering key {6601c619-e98f-4730-94cd-33e7ae3916a5} with expiration date 2025-06-22 15:33:20Z as default key. 
2025-04-29 23:52:48.9199 | DEBUG | Microsoft.AspNetCore.DataProtection.TypeForwardingActivator | Forwarded activator type request from Microsoft.AspNetCore.DataProtection.XmlEncryption.DpapiXmlDecryptor, Microsoft.AspNetCore.DataProtection, Version=8.0.0.0, Culture=neutral, PublicKeyToken=adb9793829ddae60 to Microsoft.AspNetCore.DataProtection.XmlEncryption.DpapiXmlDecryptor, Microsoft.AspNetCore.DataProtection, Culture=neutral, PublicKeyToken=adb9793829ddae60 
2025-04-29 23:52:48.9199 | DEBUG | Microsoft.AspNetCore.DataProtection.XmlEncryption.DpapiXmlDecryptor | Decrypting secret element using Windows DPAPI. 
2025-04-29 23:52:48.9199 | DEBUG | Microsoft.AspNetCore.DataProtection.TypeForwardingActivator | Forwarded activator type request from Microsoft.AspNetCore.DataProtection.AuthenticatedEncryption.ConfigurationModel.AuthenticatedEncryptorDescriptorDeserializer, Microsoft.AspNetCore.DataProtection, Version=8.0.0.0, Culture=neutral, PublicKeyToken=adb9793829ddae60 to Microsoft.AspNetCore.DataProtection.AuthenticatedEncryption.ConfigurationModel.AuthenticatedEncryptorDescriptorDeserializer, Microsoft.AspNetCore.DataProtection, Culture=neutral, PublicKeyToken=adb9793829ddae60 
2025-04-29 23:52:48.9339 | DEBUG | Microsoft.AspNetCore.DataProtection.AuthenticatedEncryption.CngCbcAuthenticatedEncryptorFactory | Opening CNG algorithm 'AES' from provider '(null)' with chaining mode CBC. 
2025-04-29 23:52:48.9339 | DEBUG | Microsoft.AspNetCore.DataProtection.AuthenticatedEncryption.CngCbcAuthenticatedEncryptorFactory | Opening CNG algorithm 'SHA256' from provider '(null)' with HMAC. 
2025-04-29 23:52:48.9339 | DEBUG | Microsoft.AspNetCore.DataProtection.KeyManagement.KeyRingProvider | Using key {6601c619-e98f-4730-94cd-33e7ae3916a5} as the default key. 
2025-04-29 23:52:48.9339 | DEBUG | Microsoft.AspNetCore.DataProtection.Internal.DataProtectionHostedService | Key ring with default key {6601c619-e98f-4730-94cd-33e7ae3916a5} was loaded during application startup. 
2025-04-29 23:52:49.5937 | INFO | Microsoft.Hosting.Lifetime | Now listening on: https://localhost:7256 
2025-04-29 23:52:49.6064 | INFO | Microsoft.Hosting.Lifetime | Now listening on: http://localhost:5031 
2025-04-29 23:52:49.6064 | DEBUG | Microsoft.AspNetCore.Hosting.Diagnostics | Loaded hosting startup assembly CarRental 
2025-04-29 23:52:49.6064 | DEBUG | Microsoft.AspNetCore.Hosting.Diagnostics | Loaded hosting startup assembly Microsoft.WebTools.ApiEndpointDiscovery 
2025-04-29 23:52:49.6064 | DEBUG | Microsoft.AspNetCore.Hosting.Diagnostics | Loaded hosting startup assembly Microsoft.AspNetCore.Watch.BrowserRefresh 
2025-04-29 23:52:49.6064 | DEBUG | Microsoft.AspNetCore.Hosting.Diagnostics | Loaded hosting startup assembly Microsoft.WebTools.BrowserLink.Net 
2025-04-29 23:52:49.7039 | DEBUG | Microsoft.AspNetCore.Server.Kestrel.Connections | Connection id "0HNC7D0NLD78F" accepted. 
2025-04-29 23:52:49.7039 | DEBUG | Microsoft.AspNetCore.Server.Kestrel.Connections | Connection id "0HNC7D0NLD78F" started. 
2025-04-29 23:52:49.7321 | DEBUG | Microsoft.AspNetCore.Server.Kestrel.Transport.Sockets | Connection id "0HNC7D0NLD78F" received FIN. 
2025-04-29 23:52:49.7645 | DEBUG | Microsoft.AspNetCore.Server.Kestrel.Https.Internal.HttpsConnectionMiddleware | Failed to authenticate HTTPS connection. System.IO.IOException: Received an unexpected EOF or 0 bytes from the transport stream.
   at System.Net.Security.SslStream.ReceiveHandshakeFrameAsync[TIOAdapter](CancellationToken cancellationToken)
   at System.Net.Security.SslStream.ForceAuthenticationAsync[TIOAdapter](Boolean receiveFirst, Byte[] reAuthenticationData, CancellationToken cancellationToken)
   at System.Net.Security.SslStream.ProcessAuthenticationWithTelemetryAsync(Boolean isAsync, CancellationToken cancellationToken)
   at Microsoft.AspNetCore.Server.Kestrel.Https.Internal.HttpsConnectionMiddleware.OnConnectionAsync(ConnectionContext context)
2025-04-29 23:52:50.7835 | DEBUG | Microsoft.AspNetCore.Server.Kestrel.Connections | Connection id "0HNC7D0NLD78F" stopped. 
2025-04-29 23:52:50.8443 | DEBUG | Microsoft.AspNetCore.Server.Kestrel.Transport.Sockets | Connection id "0HNC7D0NLD78F" sending FIN because: "The Socket transport's send loop completed gracefully." 
2025-04-29 23:52:50.8974 | INFO | Microsoft.Hosting.Lifetime | Application started. Press Ctrl+C to shut down. 
2025-04-29 23:52:50.9099 | INFO | Microsoft.Hosting.Lifetime | Hosting environment: Development 
2025-04-29 23:52:50.9099 | INFO | Microsoft.Hosting.Lifetime | Content root path: C:\Users\elizz\OneDrive\Pulpit\CarRental\CarRental\CarRental 
2025-04-29 23:52:50.9195 | DEBUG | Microsoft.Extensions.Hosting.Internal.Host | Hosting started 
2025-04-29 23:58:54.9657 | DEBUG | Microsoft.AspNetCore.Mvc.ModelBinding.ModelBinderFactory | Registered model binder providers, in the following order: Microsoft.AspNetCore.Mvc.ModelBinding.Binders.BinderTypeModelBinderProvider, Microsoft.AspNetCore.Mvc.ModelBinding.Binders.ServicesModelBinderProvider, Microsoft.AspNetCore.Mvc.ModelBinding.Binders.BodyModelBinderProvider, Microsoft.AspNetCore.Mvc.ModelBinding.Binders.HeaderModelBinderProvider, Microsoft.AspNetCore.Mvc.ModelBinding.Binders.FloatingPointTypeModelBinderProvider, Microsoft.AspNetCore.Mvc.ModelBinding.Binders.EnumTypeModelBinderProvider, Microsoft.AspNetCore.Mvc.ModelBinding.Binders.DateTimeModelBinderProvider, Microsoft.AspNetCore.Mvc.ModelBinding.Binders.SimpleTypeModelBinderProvider, Microsoft.AspNetCore.Mvc.ModelBinding.Binders.TryParseModelBinderProvider, Microsoft.AspNetCore.Mvc.ModelBinding.Binders.CancellationTokenModelBinderProvider, Microsoft.AspNetCore.Mvc.ModelBinding.Binders.ByteArrayModelBinderProvider, Microsoft.AspNetCore.Mvc.ModelBinding.Binders.FormFileModelBinderProvider, Microsoft.AspNetCore.Mvc.ModelBinding.Binders.FormCollectionModelBinderProvider, Microsoft.AspNetCore.Mvc.ModelBinding.Binders.KeyValuePairModelBinderProvider, Microsoft.AspNetCore.Mvc.ModelBinding.Binders.DictionaryModelBinderProvider, Microsoft.AspNetCore.Mvc.ModelBinding.Binders.ArrayModelBinderProvider, Microsoft.AspNetCore.Mvc.ModelBinding.Binders.CollectionModelBinderProvider, Microsoft.AspNetCore.Mvc.ModelBinding.Binders.ComplexObjectModelBinderProvider 
2025-04-29 23:58:55.1093 | DEBUG | Microsoft.Extensions.Hosting.Internal.Host | Hosting starting 
2025-04-29 23:58:55.1584 | INFO | Microsoft.AspNetCore.DataProtection.KeyManagement.XmlKeyManager | User profile is available. Using 'C:\Users\elizz\AppData\Local\ASP.NET\DataProtection-Keys' as key repository and Windows DPAPI to encrypt keys at rest. 
2025-04-29 23:58:55.1761 | DEBUG | Microsoft.AspNetCore.DataProtection.Repositories.FileSystemXmlRepository | Reading data from file 'C:\Users\elizz\AppData\Local\ASP.NET\DataProtection-Keys\key-2ecccfa8-3bb9-4395-8742-1987322aa0e1.xml'. 
2025-04-29 23:58:55.1761 | DEBUG | Microsoft.AspNetCore.DataProtection.Repositories.FileSystemXmlRepository | Reading data from file 'C:\Users\elizz\AppData\Local\ASP.NET\DataProtection-Keys\key-6601c619-e98f-4730-94cd-33e7ae3916a5.xml'. 
2025-04-29 23:58:55.1965 | DEBUG | Microsoft.AspNetCore.DataProtection.KeyManagement.XmlKeyManager | Found key {2ecccfa8-3bb9-4395-8742-1987322aa0e1}. 
2025-04-29 23:58:55.2065 | DEBUG | Microsoft.AspNetCore.DataProtection.KeyManagement.XmlKeyManager | Found key {6601c619-e98f-4730-94cd-33e7ae3916a5}. 
2025-04-29 23:58:55.2274 | DEBUG | Microsoft.AspNetCore.DataProtection.KeyManagement.DefaultKeyResolver | Considering key {6601c619-e98f-4730-94cd-33e7ae3916a5} with expiration date 2025-06-22 15:33:20Z as default key. 
2025-04-29 23:58:55.2328 | DEBUG | Microsoft.AspNetCore.DataProtection.TypeForwardingActivator | Forwarded activator type request from Microsoft.AspNetCore.DataProtection.XmlEncryption.DpapiXmlDecryptor, Microsoft.AspNetCore.DataProtection, Version=8.0.0.0, Culture=neutral, PublicKeyToken=adb9793829ddae60 to Microsoft.AspNetCore.DataProtection.XmlEncryption.DpapiXmlDecryptor, Microsoft.AspNetCore.DataProtection, Culture=neutral, PublicKeyToken=adb9793829ddae60 
2025-04-29 23:58:55.2328 | DEBUG | Microsoft.AspNetCore.DataProtection.XmlEncryption.DpapiXmlDecryptor | Decrypting secret element using Windows DPAPI. 
2025-04-29 23:58:55.2328 | DEBUG | Microsoft.AspNetCore.DataProtection.TypeForwardingActivator | Forwarded activator type request from Microsoft.AspNetCore.DataProtection.AuthenticatedEncryption.ConfigurationModel.AuthenticatedEncryptorDescriptorDeserializer, Microsoft.AspNetCore.DataProtection, Version=8.0.0.0, Culture=neutral, PublicKeyToken=adb9793829ddae60 to Microsoft.AspNetCore.DataProtection.AuthenticatedEncryption.ConfigurationModel.AuthenticatedEncryptorDescriptorDeserializer, Microsoft.AspNetCore.DataProtection, Culture=neutral, PublicKeyToken=adb9793829ddae60 
2025-04-29 23:58:55.2495 | DEBUG | Microsoft.AspNetCore.DataProtection.AuthenticatedEncryption.CngCbcAuthenticatedEncryptorFactory | Opening CNG algorithm 'AES' from provider '(null)' with chaining mode CBC. 
2025-04-29 23:58:55.2495 | DEBUG | Microsoft.AspNetCore.DataProtection.AuthenticatedEncryption.CngCbcAuthenticatedEncryptorFactory | Opening CNG algorithm 'SHA256' from provider '(null)' with HMAC. 
2025-04-29 23:58:55.2495 | DEBUG | Microsoft.AspNetCore.DataProtection.KeyManagement.KeyRingProvider | Using key {6601c619-e98f-4730-94cd-33e7ae3916a5} as the default key. 
2025-04-29 23:58:55.2495 | DEBUG | Microsoft.AspNetCore.DataProtection.Internal.DataProtectionHostedService | Key ring with default key {6601c619-e98f-4730-94cd-33e7ae3916a5} was loaded during application startup. 
2025-04-29 23:58:55.8996 | INFO | Microsoft.Hosting.Lifetime | Now listening on: https://localhost:7256 
2025-04-29 23:58:55.9189 | INFO | Microsoft.Hosting.Lifetime | Now listening on: http://localhost:5031 
2025-04-29 23:58:55.9189 | DEBUG | Microsoft.AspNetCore.Hosting.Diagnostics | Loaded hosting startup assembly CarRental 
2025-04-29 23:58:55.9189 | DEBUG | Microsoft.AspNetCore.Hosting.Diagnostics | Loaded hosting startup assembly Microsoft.WebTools.ApiEndpointDiscovery 
2025-04-29 23:58:55.9189 | DEBUG | Microsoft.AspNetCore.Hosting.Diagnostics | Loaded hosting startup assembly Microsoft.AspNetCore.Watch.BrowserRefresh 
2025-04-29 23:58:55.9189 | DEBUG | Microsoft.AspNetCore.Hosting.Diagnostics | Loaded hosting startup assembly Microsoft.WebTools.BrowserLink.Net 
2025-04-29 23:58:56.1546 | INFO | Microsoft.Hosting.Lifetime | Application started. Press Ctrl+C to shut down. 
2025-04-29 23:58:56.1546 | INFO | Microsoft.Hosting.Lifetime | Hosting environment: Development 
2025-04-29 23:58:56.1546 | INFO | Microsoft.Hosting.Lifetime | Content root path: C:\Users\elizz\OneDrive\Pulpit\CarRental\CarRental\CarRental 
2025-04-29 23:58:56.1546 | DEBUG | Microsoft.Extensions.Hosting.Internal.Host | Hosting started 
2025-04-29 23:58:56.2028 | DEBUG | Microsoft.AspNetCore.Server.Kestrel.Connections | Connection id "0HNC7D44SJR9K" accepted. 
2025-04-29 23:58:56.2028 | DEBUG | Microsoft.AspNetCore.Server.Kestrel.Connections | Connection id "0HNC7D44SJR9L" accepted. 
2025-04-29 23:58:56.2028 | DEBUG | Microsoft.AspNetCore.Server.Kestrel.Connections | Connection id "0HNC7D44SJR9K" started. 
2025-04-29 23:58:56.2028 | DEBUG | Microsoft.AspNetCore.Server.Kestrel.Connections | Connection id "0HNC7D44SJR9L" started. 
2025-04-29 23:59:01.6852 | DEBUG | Microsoft.AspNetCore.Server.Kestrel.Transport.Sockets | Connection id "0HNC7D44SJR9K" reset. 
2025-04-29 23:59:01.6852 | DEBUG | Microsoft.AspNetCore.Server.Kestrel.Transport.Sockets | Connection id "0HNC7D44SJR9L" reset. 
