2025-04-17 12:09:44.5014 | INFO | Microsoft.Hosting.Lifetime | Now listening on: https://localhost:7256  | url: 
2025-04-17 12:09:44.5130 | INFO | Microsoft.Hosting.Lifetime | Now listening on: http://localhost:5031  | url: 
2025-04-17 12:09:44.8617 | INFO | Microsoft.Hosting.Lifetime | Application started. Press Ctrl+C to shut down.  | url: 
2025-04-17 12:09:44.8617 | INFO | Microsoft.Hosting.Lifetime | Hosting environment: Development  | url: 
2025-04-17 12:09:44.8686 | INFO | Microsoft.Hosting.Lifetime | Content root path: C:\Users\elizz\OneDrive\Pulpit\CarRental\CarRental\CarRental  | url: 
2025-04-17 14:01:19.9876 | INFO | CarRental.Authentication.BasicAuthenticationHandler | BasicAuthentication was not authenticated. Failure message: Missing Authorization Header  | url: https://localhost/Users
2025-04-17 14:01:20.0006 | INFO | CarRental.Authentication.BasicAuthenticationHandler | AuthenticationScheme: BasicAuthentication was challenged.  | url: https://localhost/Users
2025-04-17 14:01:44.9101 | ERROR | Microsoft.EntityFrameworkCore.Database.Command | Failed executing DbCommand (71ms) [Parameters=[@__Username_0='?' (Size = 4000)], CommandType='Text', CommandTimeout='30']
SELECT TOP(1) [u].[Id], [u].[FirstName], [u].[LastName], [u].[Password], [u].[Salt], [u].[Username]
FROM [Users] AS [u]
WHERE [u].[Username] = @__Username_0  | url: https://localhost/Users
2025-04-17 14:01:44.9400 | ERROR | Microsoft.EntityFrameworkCore.Query | An exception occurred while iterating over the results of a query for context type 'CarRental.DataAccess.CarRentalStorageContext'.
Microsoft.Data.SqlClient.SqlException (0x80131904): Invalid column name 'Salt'.
   at Microsoft.Data.SqlClient.SqlCommand.<>c.<ExecuteDbDataReaderAsync>b__211_0(Task`1 result)
   at System.Threading.Tasks.ContinuationResultTaskFromResultTask`2.InnerInvoke()
   at System.Threading.ExecutionContext.RunInternal(ExecutionContext executionContext, ContextCallback callback, Object state)
--- End of stack trace from previous location ---
   at System.Threading.ExecutionContext.RunInternal(ExecutionContext executionContext, ContextCallback callback, Object state)
   at System.Threading.Tasks.Task.ExecuteWithThreadLocal(Task& currentTaskSlot, Thread threadPoolThread)
--- End of stack trace from previous location ---
   at Microsoft.EntityFrameworkCore.Storage.RelationalCommand.ExecuteReaderAsync(RelationalCommandParameterObject parameterObject, CancellationToken cancellationToken)
   at Microsoft.EntityFrameworkCore.Storage.RelationalCommand.ExecuteReaderAsync(RelationalCommandParameterObject parameterObject, CancellationToken cancellationToken)
   at Microsoft.EntityFrameworkCore.Query.Internal.SingleQueryingEnumerable`1.AsyncEnumerator.InitializeReaderAsync(AsyncEnumerator enumerator, CancellationToken cancellationToken)
   at Microsoft.EntityFrameworkCore.SqlServer.Storage.Internal.SqlServerExecutionStrategy.ExecuteAsync[TState,TResult](TState state, Func`4 operation, Func`4 verifySucceeded, CancellationToken cancellationToken)
   at Microsoft.EntityFrameworkCore.Query.Internal.SingleQueryingEnumerable`1.AsyncEnumerator.MoveNextAsync()
ClientConnectionId:a7a1b549-2ce1-4c90-8692-dc8e4b3d6a16
Error Number:207,State:1,Class:16 Microsoft.Data.SqlClient.SqlException (0x80131904): Invalid column name 'Salt'.
   at Microsoft.Data.SqlClient.SqlCommand.<>c.<ExecuteDbDataReaderAsync>b__211_0(Task`1 result)
   at System.Threading.Tasks.ContinuationResultTaskFromResultTask`2.InnerInvoke()
   at System.Threading.ExecutionContext.RunInternal(ExecutionContext executionContext, ContextCallback callback, Object state)
--- End of stack trace from previous location ---
   at System.Threading.ExecutionContext.RunInternal(ExecutionContext executionContext, ContextCallback callback, Object state)
   at System.Threading.Tasks.Task.ExecuteWithThreadLocal(Task& currentTaskSlot, Thread threadPoolThread)
--- End of stack trace from previous location ---
   at Microsoft.EntityFrameworkCore.Storage.RelationalCommand.ExecuteReaderAsync(RelationalCommandParameterObject parameterObject, CancellationToken cancellationToken)
   at Microsoft.EntityFrameworkCore.Storage.RelationalCommand.ExecuteReaderAsync(RelationalCommandParameterObject parameterObject, CancellationToken cancellationToken)
   at Microsoft.EntityFrameworkCore.Query.Internal.SingleQueryingEnumerable`1.AsyncEnumerator.InitializeReaderAsync(AsyncEnumerator enumerator, CancellationToken cancellationToken)
   at Microsoft.EntityFrameworkCore.SqlServer.Storage.Internal.SqlServerExecutionStrategy.ExecuteAsync[TState,TResult](TState state, Func`4 operation, Func`4 verifySucceeded, CancellationToken cancellationToken)
   at Microsoft.EntityFrameworkCore.Query.Internal.SingleQueryingEnumerable`1.AsyncEnumerator.MoveNextAsync()
ClientConnectionId:a7a1b549-2ce1-4c90-8692-dc8e4b3d6a16
Error Number:207,State:1,Class:16 | url: https://localhost/Users
2025-04-17 14:01:45.0245 | INFO | CarRental.Authentication.BasicAuthenticationHandler | BasicAuthentication was not authenticated. Failure message: Invalid Authorization Header  | url: https://localhost/Users
2025-04-17 14:01:45.0245 | INFO | CarRental.Authentication.BasicAuthenticationHandler | AuthenticationScheme: BasicAuthentication was challenged.  | url: https://localhost/Users
2025-04-17 14:05:44.5767 | INFO | CarRental.Authentication.BasicAuthenticationHandler | BasicAuthentication was not authenticated. Failure message: Missing Authorization Header  | url: https://localhost/Customers
2025-04-17 14:16:29.4940 | DEBUG | CarRental.Authentication.BasicAuthenticationHandler | AuthenticationScheme: BasicAuthentication was not authenticated.  | url: https://localhost/Users
2025-04-17 14:16:29.9131 | ERROR | Microsoft.EntityFrameworkCore.Database.Command | Failed executing DbCommand (31ms) [Parameters=[@p0='?' (Size = 4000), @p1='?' (Size = 4000), @p2='?' (Size = 300), @p3='?' (Size = 4000), @p4='?' (Size = 4000)], CommandType='Text', CommandTimeout='30']
SET IMPLICIT_TRANSACTIONS OFF;
SET NOCOUNT ON;
INSERT INTO [Users] ([FirstName], [LastName], [Password], [Salt], [Username])
OUTPUT INSERTED.[Id]
VALUES (@p0, @p1, @p2, @p3, @p4);  | url: https://localhost/Users
2025-04-17 14:16:29.9352 | ERROR | Microsoft.EntityFrameworkCore.Update | An exception occurred in the database while saving changes for context type 'CarRental.DataAccess.CarRentalStorageContext'.
Microsoft.EntityFrameworkCore.DbUpdateException: An error occurred while saving the entity changes. See the inner exception for details.
 ---> Microsoft.Data.SqlClient.SqlException (0x80131904): Invalid column name 'Salt'.
   at Microsoft.Data.SqlClient.SqlCommand.<>c.<ExecuteDbDataReaderAsync>b__211_0(Task`1 result)
   at System.Threading.Tasks.ContinuationResultTaskFromResultTask`2.InnerInvoke()
   at System.Threading.ExecutionContext.RunInternal(ExecutionContext executionContext, ContextCallback callback, Object state)
--- End of stack trace from previous location ---
   at System.Threading.ExecutionContext.RunInternal(ExecutionContext executionContext, ContextCallback callback, Object state)
   at System.Threading.Tasks.Task.ExecuteWithThreadLocal(Task& currentTaskSlot, Thread threadPoolThread)
--- End of stack trace from previous location ---
   at Microsoft.EntityFrameworkCore.Storage.RelationalCommand.ExecuteReaderAsync(RelationalCommandParameterObject parameterObject, CancellationToken cancellationToken)
   at Microsoft.EntityFrameworkCore.Storage.RelationalCommand.ExecuteReaderAsync(RelationalCommandParameterObject parameterObject, CancellationToken cancellationToken)
   at Microsoft.EntityFrameworkCore.Update.ReaderModificationCommandBatch.ExecuteAsync(IRelationalConnection connection, CancellationToken cancellationToken)
ClientConnectionId:1998a86f-1ee7-48a7-8bf0-e6221df9ceca
Error Number:207,State:1,Class:16
   --- End of inner exception stack trace ---
   at Microsoft.EntityFrameworkCore.Update.ReaderModificationCommandBatch.ExecuteAsync(IRelationalConnection connection, CancellationToken cancellationToken)
   at Microsoft.EntityFrameworkCore.SqlServer.Update.Internal.SqlServerModificationCommandBatch.ExecuteAsync(IRelationalConnection connection, CancellationToken cancellationToken)
   at Microsoft.EntityFrameworkCore.Update.Internal.BatchExecutor.ExecuteAsync(IEnumerable`1 commandBatches, IRelationalConnection connection, CancellationToken cancellationToken)
   at Microsoft.EntityFrameworkCore.Update.Internal.BatchExecutor.ExecuteAsync(IEnumerable`1 commandBatches, IRelationalConnection connection, CancellationToken cancellationToken)
   at Microsoft.EntityFrameworkCore.Update.Internal.BatchExecutor.ExecuteAsync(IEnumerable`1 commandBatches, IRelationalConnection connection, CancellationToken cancellationToken)
   at Microsoft.EntityFrameworkCore.Storage.RelationalDatabase.SaveChangesAsync(IList`1 entries, CancellationToken cancellationToken)
   at Microsoft.EntityFrameworkCore.ChangeTracking.Internal.StateManager.SaveChangesAsync(IList`1 entriesToSave, CancellationToken cancellationToken)
   at Microsoft.EntityFrameworkCore.ChangeTracking.Internal.StateManager.SaveChangesAsync(StateManager stateManager, Boolean acceptAllChangesOnSuccess, CancellationToken cancellationToken)
   at Microsoft.EntityFrameworkCore.SqlServer.Storage.Internal.SqlServerExecutionStrategy.ExecuteAsync[TState,TResult](TState state, Func`4 operation, Func`4 verifySucceeded, CancellationToken cancellationToken)
   at Microsoft.EntityFrameworkCore.DbContext.SaveChangesAsync(Boolean acceptAllChangesOnSuccess, CancellationToken cancellationToken) Microsoft.EntityFrameworkCore.DbUpdateException: An error occurred while saving the entity changes. See the inner exception for details.
 ---> Microsoft.Data.SqlClient.SqlException (0x80131904): Invalid column name 'Salt'.
   at Microsoft.Data.SqlClient.SqlCommand.<>c.<ExecuteDbDataReaderAsync>b__211_0(Task`1 result)
   at System.Threading.Tasks.ContinuationResultTaskFromResultTask`2.InnerInvoke()
   at System.Threading.ExecutionContext.RunInternal(ExecutionContext executionContext, ContextCallback callback, Object state)
--- End of stack trace from previous location ---
   at System.Threading.ExecutionContext.RunInternal(ExecutionContext executionContext, ContextCallback callback, Object state)
   at System.Threading.Tasks.Task.ExecuteWithThreadLocal(Task& currentTaskSlot, Thread threadPoolThread)
--- End of stack trace from previous location ---
   at Microsoft.EntityFrameworkCore.Storage.RelationalCommand.ExecuteReaderAsync(RelationalCommandParameterObject parameterObject, CancellationToken cancellationToken)
   at Microsoft.EntityFrameworkCore.Storage.RelationalCommand.ExecuteReaderAsync(RelationalCommandParameterObject parameterObject, CancellationToken cancellationToken)
   at Microsoft.EntityFrameworkCore.Update.ReaderModificationCommandBatch.ExecuteAsync(IRelationalConnection connection, CancellationToken cancellationToken)
ClientConnectionId:1998a86f-1ee7-48a7-8bf0-e6221df9ceca
Error Number:207,State:1,Class:16
   --- End of inner exception stack trace ---
   at Microsoft.EntityFrameworkCore.Update.ReaderModificationCommandBatch.ExecuteAsync(IRelationalConnection connection, CancellationToken cancellationToken)
   at Microsoft.EntityFrameworkCore.SqlServer.Update.Internal.SqlServerModificationCommandBatch.ExecuteAsync(IRelationalConnection connection, CancellationToken cancellationToken)
   at Microsoft.EntityFrameworkCore.Update.Internal.BatchExecutor.ExecuteAsync(IEnumerable`1 commandBatches, IRelationalConnection connection, CancellationToken cancellationToken)
   at Microsoft.EntityFrameworkCore.Update.Internal.BatchExecutor.ExecuteAsync(IEnumerable`1 commandBatches, IRelationalConnection connection, CancellationToken cancellationToken)
   at Microsoft.EntityFrameworkCore.Update.Internal.BatchExecutor.ExecuteAsync(IEnumerable`1 commandBatches, IRelationalConnection connection, CancellationToken cancellationToken)
   at Microsoft.EntityFrameworkCore.Storage.RelationalDatabase.SaveChangesAsync(IList`1 entries, CancellationToken cancellationToken)
   at Microsoft.EntityFrameworkCore.ChangeTracking.Internal.StateManager.SaveChangesAsync(IList`1 entriesToSave, CancellationToken cancellationToken)
   at Microsoft.EntityFrameworkCore.ChangeTracking.Internal.StateManager.SaveChangesAsync(StateManager stateManager, Boolean acceptAllChangesOnSuccess, CancellationToken cancellationToken)
   at Microsoft.EntityFrameworkCore.SqlServer.Storage.Internal.SqlServerExecutionStrategy.ExecuteAsync[TState,TResult](TState state, Func`4 operation, Func`4 verifySucceeded, CancellationToken cancellationToken)
   at Microsoft.EntityFrameworkCore.DbContext.SaveChangesAsync(Boolean acceptAllChangesOnSuccess, CancellationToken cancellationToken) | url: https://localhost/Users
2025-04-17 14:16:30.3234 | ERROR | Microsoft.AspNetCore.Diagnostics.DeveloperExceptionPageMiddleware | An unhandled exception has occurred while executing the request. Microsoft.EntityFrameworkCore.DbUpdateException: An error occurred while saving the entity changes. See the inner exception for details.
 ---> Microsoft.Data.SqlClient.SqlException (0x80131904): Invalid column name 'Salt'.
   at Microsoft.Data.SqlClient.SqlCommand.<>c.<ExecuteDbDataReaderAsync>b__211_0(Task`1 result)
   at System.Threading.Tasks.ContinuationResultTaskFromResultTask`2.InnerInvoke()
   at System.Threading.ExecutionContext.RunInternal(ExecutionContext executionContext, ContextCallback callback, Object state)
--- End of stack trace from previous location ---
   at System.Threading.ExecutionContext.RunInternal(ExecutionContext executionContext, ContextCallback callback, Object state)
   at System.Threading.Tasks.Task.ExecuteWithThreadLocal(Task& currentTaskSlot, Thread threadPoolThread)
--- End of stack trace from previous location ---
   at Microsoft.EntityFrameworkCore.Storage.RelationalCommand.ExecuteReaderAsync(RelationalCommandParameterObject parameterObject, CancellationToken cancellationToken)
   at Microsoft.EntityFrameworkCore.Storage.RelationalCommand.ExecuteReaderAsync(RelationalCommandParameterObject parameterObject, CancellationToken cancellationToken)
   at Microsoft.EntityFrameworkCore.Update.ReaderModificationCommandBatch.ExecuteAsync(IRelationalConnection connection, CancellationToken cancellationToken)
ClientConnectionId:1998a86f-1ee7-48a7-8bf0-e6221df9ceca
Error Number:207,State:1,Class:16
   --- End of inner exception stack trace ---
   at Microsoft.EntityFrameworkCore.Update.ReaderModificationCommandBatch.ExecuteAsync(IRelationalConnection connection, CancellationToken cancellationToken)
   at Microsoft.EntityFrameworkCore.SqlServer.Update.Internal.SqlServerModificationCommandBatch.ExecuteAsync(IRelationalConnection connection, CancellationToken cancellationToken)
   at Microsoft.EntityFrameworkCore.Update.Internal.BatchExecutor.ExecuteAsync(IEnumerable`1 commandBatches, IRelationalConnection connection, CancellationToken cancellationToken)
   at Microsoft.EntityFrameworkCore.Update.Internal.BatchExecutor.ExecuteAsync(IEnumerable`1 commandBatches, IRelationalConnection connection, CancellationToken cancellationToken)
   at Microsoft.EntityFrameworkCore.Update.Internal.BatchExecutor.ExecuteAsync(IEnumerable`1 commandBatches, IRelationalConnection connection, CancellationToken cancellationToken)
   at Microsoft.EntityFrameworkCore.Storage.RelationalDatabase.SaveChangesAsync(IList`1 entries, CancellationToken cancellationToken)
   at Microsoft.EntityFrameworkCore.ChangeTracking.Internal.StateManager.SaveChangesAsync(IList`1 entriesToSave, CancellationToken cancellationToken)
   at Microsoft.EntityFrameworkCore.ChangeTracking.Internal.StateManager.SaveChangesAsync(StateManager stateManager, Boolean acceptAllChangesOnSuccess, CancellationToken cancellationToken)
   at Microsoft.EntityFrameworkCore.SqlServer.Storage.Internal.SqlServerExecutionStrategy.ExecuteAsync[TState,TResult](TState state, Func`4 operation, Func`4 verifySucceeded, CancellationToken cancellationToken)
   at Microsoft.EntityFrameworkCore.DbContext.SaveChangesAsync(Boolean acceptAllChangesOnSuccess, CancellationToken cancellationToken)
   at Microsoft.EntityFrameworkCore.DbContext.SaveChangesAsync(Boolean acceptAllChangesOnSuccess, CancellationToken cancellationToken)
   at CarRental.DataAccess.CQRS.Commands.CreateUserCommand.Execute(CarRentalStorageContext context) in C:\Users\elizz\OneDrive\Pulpit\CarRental\CarRental\CarRental.DataAccess\CQRS\Commands\CreateUserCommand.cs:line 10
   at CarRental.ApplicationServices.API.Handlers.CreateUserHandler.Handle(CreateUserRequest request, CancellationToken cancellationToken) in C:\Users\elizz\OneDrive\Pulpit\CarRental\CarRental\CarRental.ApplicationServices\API\Handlers\CreateUserHandler.cs:line 33
   at MediatR.Pipeline.RequestExceptionProcessorBehavior`2.Handle(TRequest request, RequestHandlerDelegate`1 next, CancellationToken cancellationToken)
   at MediatR.Pipeline.RequestExceptionProcessorBehavior`2.Handle(TRequest request, RequestHandlerDelegate`1 next, CancellationToken cancellationToken)
   at MediatR.Pipeline.RequestExceptionActionProcessorBehavior`2.Handle(TRequest request, RequestHandlerDelegate`1 next, CancellationToken cancellationToken)
   at MediatR.Pipeline.RequestExceptionActionProcessorBehavior`2.Handle(TRequest request, RequestHandlerDelegate`1 next, CancellationToken cancellationToken)
   at MediatR.Pipeline.RequestPostProcessorBehavior`2.Handle(TRequest request, RequestHandlerDelegate`1 next, CancellationToken cancellationToken)
   at MediatR.Pipeline.RequestPreProcessorBehavior`2.Handle(TRequest request, RequestHandlerDelegate`1 next, CancellationToken cancellationToken)
   at CarRental.Controllers.ApiControllerBase.HandleRequest[TRequest,TResponse](TRequest request) in C:\Users\elizz\OneDrive\Pulpit\CarRental\CarRental\CarRental\Controllers\ApiControllerBase.cs:line 33
   at Microsoft.AspNetCore.Mvc.Infrastructure.ActionMethodExecutor.TaskOfIActionResultExecutor.Execute(ActionContext actionContext, IActionResultTypeMapper mapper, ObjectMethodExecutor executor, Object controller, Object[] arguments)
   at Microsoft.AspNetCore.Mvc.Infrastructure.ControllerActionInvoker.<InvokeActionMethodAsync>g__Logged|12_1(ControllerActionInvoker invoker)
   at Microsoft.AspNetCore.Mvc.Infrastructure.ControllerActionInvoker.<InvokeNextActionFilterAsync>g__Awaited|10_0(ControllerActionInvoker invoker, Task lastTask, State next, Scope scope, Object state, Boolean isCompleted)
   at Microsoft.AspNetCore.Mvc.Infrastructure.ControllerActionInvoker.Rethrow(ActionExecutedContextSealed context)
   at Microsoft.AspNetCore.Mvc.Infrastructure.ControllerActionInvoker.Next(State& next, Scope& scope, Object& state, Boolean& isCompleted)
   at Microsoft.AspNetCore.Mvc.Infrastructure.ControllerActionInvoker.<InvokeInnerFilterAsync>g__Awaited|13_0(ControllerActionInvoker invoker, Task lastTask, State next, Scope scope, Object state, Boolean isCompleted)
   at Microsoft.AspNetCore.Mvc.Infrastructure.ResourceInvoker.<InvokeFilterPipelineAsync>g__Awaited|20_0(ResourceInvoker invoker, Task lastTask, State next, Scope scope, Object state, Boolean isCompleted)
   at Microsoft.AspNetCore.Mvc.Infrastructure.ResourceInvoker.<InvokeAsync>g__Logged|17_1(ResourceInvoker invoker)
   at Microsoft.AspNetCore.Mvc.Infrastructure.ResourceInvoker.<InvokeAsync>g__Logged|17_1(ResourceInvoker invoker)
   at Microsoft.AspNetCore.Routing.EndpointMiddleware.<Invoke>g__AwaitRequestTask|7_0(Endpoint endpoint, Task requestTask, ILogger logger)
   at Microsoft.AspNetCore.Authorization.AuthorizationMiddleware.Invoke(HttpContext context)
   at Microsoft.AspNetCore.Authentication.AuthenticationMiddleware.Invoke(HttpContext context)
   at Swashbuckle.AspNetCore.SwaggerUI.SwaggerUIMiddleware.Invoke(HttpContext httpContext)
   at Swashbuckle.AspNetCore.Swagger.SwaggerMiddleware.Invoke(HttpContext httpContext, ISwaggerProvider swaggerProvider)
   at Microsoft.AspNetCore.Diagnostics.DeveloperExceptionPageMiddlewareImpl.Invoke(HttpContext context) | url: https://localhost/Users
2025-04-17 14:23:24.1389 | INFO | Microsoft.Hosting.Lifetime | Now listening on: https://localhost:7256  | url: 
2025-04-17 14:23:24.1512 | INFO | Microsoft.Hosting.Lifetime | Now listening on: http://localhost:5031  | url: 
2025-04-17 14:23:24.3956 | INFO | Microsoft.Hosting.Lifetime | Application started. Press Ctrl+C to shut down.  | url: 
2025-04-17 14:23:24.3989 | INFO | Microsoft.Hosting.Lifetime | Hosting environment: Development  | url: 
2025-04-17 14:23:24.3989 | INFO | Microsoft.Hosting.Lifetime | Content root path: C:\Users\elizz\OneDrive\Pulpit\CarRental\CarRental\CarRental  | url: 
2025-04-17 14:28:33.6427 | INFO | Microsoft.Hosting.Lifetime | Now listening on: https://localhost:7256  | url: 
2025-04-17 14:28:33.6527 | INFO | Microsoft.Hosting.Lifetime | Now listening on: http://localhost:5031  | url: 
2025-04-17 14:28:34.0162 | INFO | Microsoft.Hosting.Lifetime | Application started. Press Ctrl+C to shut down.  | url: 
2025-04-17 14:28:34.0242 | INFO | Microsoft.Hosting.Lifetime | Hosting environment: Development  | url: 
2025-04-17 14:28:34.0242 | INFO | Microsoft.Hosting.Lifetime | Content root path: C:\Users\elizz\OneDrive\Pulpit\CarRental\CarRental\CarRental  | url: 
2025-04-17 14:28:46.4764 | INFO | CarRental.Authentication.BasicAuthenticationHandler | BasicAuthentication was not authenticated. Failure message: Missing Authorization Header  | url: https://localhost/Users
2025-04-17 14:28:46.4928 | INFO | CarRental.Authentication.BasicAuthenticationHandler | AuthenticationScheme: BasicAuthentication was challenged.  | url: https://localhost/Users
2025-04-17 14:28:52.7379 | DEBUG | CarRental.Authentication.BasicAuthenticationHandler | AuthenticationScheme: BasicAuthentication was not authenticated.  | url: https://localhost/Users
2025-04-17 14:31:09.5425 | DEBUG | CarRental.Authentication.BasicAuthenticationHandler | AuthenticationScheme: BasicAuthentication was not authenticated.  | url: https://localhost/Users
2025-04-17 14:31:21.2703 | DEBUG | CarRental.Authentication.BasicAuthenticationHandler | AuthenticationScheme: BasicAuthentication was not authenticated.  | url: https://localhost/Users
2025-04-17 14:31:44.6188 | INFO | Microsoft.Hosting.Lifetime | Now listening on: https://localhost:7256  | url: 
2025-04-17 14:31:44.6188 | INFO | Microsoft.Hosting.Lifetime | Now listening on: http://localhost:5031  | url: 
2025-04-17 14:31:45.2213 | INFO | Microsoft.Hosting.Lifetime | Application started. Press Ctrl+C to shut down.  | url: 
2025-04-17 14:31:45.2819 | INFO | Microsoft.Hosting.Lifetime | Hosting environment: Development  | url: 
2025-04-17 14:31:45.2923 | INFO | Microsoft.Hosting.Lifetime | Content root path: C:\Users\elizz\OneDrive\Pulpit\CarRental\CarRental\CarRental  | url: 
2025-04-17 14:31:55.3167 | INFO | CarRental.Authentication.BasicAuthenticationHandler | BasicAuthentication was not authenticated. Failure message: Missing Authorization Header  | url: https://localhost/Users
2025-04-17 14:31:55.3384 | INFO | CarRental.Authentication.BasicAuthenticationHandler | AuthenticationScheme: BasicAuthentication was challenged.  | url: https://localhost/Users
2025-04-17 14:32:20.8023 | DEBUG | CarRental.Authentication.BasicAuthenticationHandler | AuthenticationScheme: BasicAuthentication was not authenticated.  | url: https://localhost/Users
2025-04-17 14:32:52.3697 | DEBUG | CarRental.Authentication.BasicAuthenticationHandler | AuthenticationScheme: BasicAuthentication was not authenticated.  | url: https://localhost/Users
2025-04-17 14:33:25.9090 | DEBUG | CarRental.Authentication.BasicAuthenticationHandler | AuthenticationScheme: BasicAuthentication was not authenticated.  | url: https://localhost/Users
2025-04-17 14:35:22.4104 | INFO | Microsoft.Hosting.Lifetime | Now listening on: https://localhost:7256  | url: 
2025-04-17 14:35:22.4883 | INFO | Microsoft.Hosting.Lifetime | Now listening on: http://localhost:5031  | url: 
2025-04-17 14:35:24.2081 | INFO | Microsoft.Hosting.Lifetime | Application started. Press Ctrl+C to shut down.  | url: 
2025-04-17 14:35:24.3813 | INFO | Microsoft.Hosting.Lifetime | Hosting environment: Development  | url: 
2025-04-17 14:35:24.4048 | INFO | Microsoft.Hosting.Lifetime | Content root path: C:\Users\elizz\OneDrive\Pulpit\CarRental\CarRental\CarRental  | url: 
2025-04-17 14:35:34.6394 | INFO | CarRental.Authentication.BasicAuthenticationHandler | BasicAuthentication was not authenticated. Failure message: Missing Authorization Header  | url: https://localhost/Users
2025-04-17 14:35:34.6817 | INFO | CarRental.Authentication.BasicAuthenticationHandler | AuthenticationScheme: BasicAuthentication was challenged.  | url: https://localhost/Users
2025-04-17 15:47:43.6397 | INFO | Microsoft.Hosting.Lifetime | Now listening on: https://localhost:7256  | url: 
2025-04-17 15:47:43.6591 | INFO | Microsoft.Hosting.Lifetime | Now listening on: http://localhost:5031  | url: 
2025-04-17 15:47:44.0691 | INFO | Microsoft.Hosting.Lifetime | Application started. Press Ctrl+C to shut down.  | url: 
2025-04-17 15:47:44.0761 | INFO | Microsoft.Hosting.Lifetime | Hosting environment: Development  | url: 
2025-04-17 15:47:44.0761 | INFO | Microsoft.Hosting.Lifetime | Content root path: C:\Users\elizz\OneDrive\Pulpit\CarRental\CarRental\CarRental  | url: 
